# JRE version: OpenJDK Runtime Environment (17.0.9) (build 17.0.9+0--11185874)
# Java VM: OpenJDK 64-Bit Server VM (17.0.9+0--11185874, mixed mode, tiered, compressed oops, compressed class ptrs, g1 gc, windows-amd64)
GC Precious Log:
 CPUs: 8 total, 8 available
 Memory: 7834M
 Large Page Support: Disabled
 NUMA Support: Disabled
 Compressed Oops: Enabled (32-bit)
 Heap Region Size: 1M
 Heap Min Capacity: 8M
 Heap Initial Capacity: 124M
 Heap Max Capacity: 2G
 Pre-touch: Disabled
 Parallel Workers: 8
 Concurrent Workers: 2
 Concurrent Refinement Workers: 8
 Periodic GC: Disabled
Heap:
 garbage-first heap   total 433152K, used 316311K [0x0000000080000000, 0x0000000100000000)
  region size 1024K, 2 young (2048K), 2 survivors (2048K)
 Metaspace       used 110057K, committed 110784K, reserved 1179648K
  class space    used 15228K, committed 15616K, reserved 1048576K
GC Heap History (20 events):
Event: 8.790 GC heap after
{Heap after GC invocations=28 (full 0):
 garbage-first heap   total 257024K, used 103123K [0x0000000080000000, 0x0000000100000000)
  region size 1024K, 10 young (10240K), 10 survivors (10240K)
 Metaspace       used 98569K, committed 99264K, reserved 1179648K
  class space    used 13418K, committed 13696K, reserved 1048576K
}
Event: 9.264 GC heap before
{Heap before GC invocations=29 (full 0):
 garbage-first heap   total 257024K, used 201427K [0x0000000080000000, 0x0000000100000000)
  region size 1024K, 107 young (109568K), 10 survivors (10240K)
 Metaspace       used 99229K, committed 99904K, reserved 1179648K
  class space    used 13462K, committed 13760K, reserved 1048576K
}
Event: 9.272 GC heap after
{Heap after GC invocations=30 (full 0):
 garbage-first heap   total 257024K, used 110656K [0x0000000080000000, 0x0000000100000000)
  region size 1024K, 8 young (8192K), 8 survivors (8192K)
 Metaspace       used 99229K, committed 99904K, reserved 1179648K
  class space    used 13462K, committed 13760K, reserved 1048576K
}
Event: 9.575 GC heap before
{Heap before GC invocations=30 (full 0):
 garbage-first heap   total 257024K, used 203840K [0x0000000080000000, 0x0000000100000000)
  region size 1024K, 100 young (102400K), 8 survivors (8192K)
 Metaspace       used 99450K, committed 100160K, reserved 1179648K
  class space    used 13489K, committed 13824K, reserved 1048576K
}
Event: 9.583 GC heap after
{Heap after GC invocations=31 (full 0):
 garbage-first heap   total 257024K, used 114678K [0x0000000080000000, 0x0000000100000000)
  region size 1024K, 12 young (12288K), 12 survivors (12288K)
 Metaspace       used 99450K, committed 100160K, reserved 1179648K
  class space    used 13489K, committed 13824K, reserved 1048576K
}
Event: 9.956 GC heap before
{Heap before GC invocations=31 (full 0):
 garbage-first heap   total 257024K, used 227318K [0x0000000080000000, 0x0000000100000000)
  region size 1024K, 103 young (105472K), 12 survivors (12288K)
 Metaspace       used 100731K, committed 101440K, reserved 1179648K
  class space    used 13694K, committed 14016K, reserved 1048576K
}
Event: 9.965 GC heap after
{Heap after GC invocations=32 (full 0):
 garbage-first heap   total 257024K, used 140717K [0x0000000080000000, 0x0000000100000000)
  region size 1024K, 11 young (11264K), 11 survivors (11264K)
 Metaspace       used 100731K, committed 101440K, reserved 1179648K
  class space    used 13694K, committed 14016K, reserved 1048576K
}
Event: 10.112 GC heap before
{Heap before GC invocations=32 (full 0):
 garbage-first heap   total 257024K, used 171437K [0x0000000080000000, 0x0000000100000000)
  region size 1024K, 32 young (32768K), 11 survivors (11264K)
 Metaspace       used 103415K, committed 104192K, reserved 1179648K
  class space    used 14094K, committed 14464K, reserved 1048576K
}
Event: 10.117 GC heap after
{Heap after GC invocations=33 (full 0):
 garbage-first heap   total 257024K, used 154648K [0x0000000080000000, 0x0000000100000000)
  region size 1024K, 8 young (8192K), 8 survivors (8192K)
 Metaspace       used 103415K, committed 104192K, reserved 1179648K
  class space    used 14094K, committed 14464K, reserved 1048576K
}
Event: 10.475 GC heap before
{Heap before GC invocations=34 (full 0):
 garbage-first heap   total 363520K, used 267288K [0x0000000080000000, 0x0000000100000000)
  region size 1024K, 60 young (61440K), 8 survivors (8192K)
 Metaspace       used 103675K, committed 104448K, reserved 1179648K
  class space    used 14134K, committed 14528K, reserved 1048576K
}
Event: 10.492 GC heap after
{Heap after GC invocations=35 (full 0):
 garbage-first heap   total 363520K, used 187447K [0x0000000080000000, 0x0000000100000000)
  region size 1024K, 8 young (8192K), 8 survivors (8192K)
 Metaspace       used 103675K, committed 104448K, reserved 1179648K
  class space    used 14134K, committed 14528K, reserved 1048576K
}
Event: 10.541 GC heap before
{Heap before GC invocations=35 (full 0):
 garbage-first heap   total 363520K, used 199735K [0x0000000080000000, 0x0000000100000000)
  region size 1024K, 17 young (17408K), 8 survivors (8192K)
 Metaspace       used 103675K, committed 104448K, reserved 1179648K
  class space    used 14134K, committed 14528K, reserved 1048576K
}
Event: 10.550 GC heap after
{Heap after GC invocations=36 (full 0):
 garbage-first heap   total 433152K, used 195201K [0x0000000080000000, 0x0000000100000000)
  region size 1024K, 3 young (3072K), 3 survivors (3072K)
 Metaspace       used 103675K, committed 104448K, reserved 1179648K
  class space    used 14134K, committed 14528K, reserved 1048576K
}
Event: 10.977 GC heap before
{Heap before GC invocations=36 (full 0):
 garbage-first heap   total 433152K, used 323201K [0x0000000080000000, 0x0000000100000000)
  region size 1024K, 126 young (129024K), 3 survivors (3072K)
 Metaspace       used 106616K, committed 107392K, reserved 1179648K
  class space    used 14752K, committed 15104K, reserved 1048576K
}
Event: 11.022 GC heap after
{Heap after GC invocations=37 (full 0):
 garbage-first heap   total 433152K, used 252928K [0x0000000080000000, 0x0000000100000000)
  region size 1024K, 16 young (16384K), 16 survivors (16384K)
 Metaspace       used 106616K, committed 107392K, reserved 1179648K
  class space    used 14752K, committed 15104K, reserved 1048576K
}
Event: 11.218 GC heap before
{Heap before GC invocations=37 (full 0):
 garbage-first heap   total 433152K, used 330752K [0x0000000080000000, 0x0000000100000000)
  region size 1024K, 88 young (90112K), 16 survivors (16384K)
 Metaspace       used 106619K, committed 107392K, reserved 1179648K
  class space    used 14752K, committed 15104K, reserved 1048576K
}
Event: 11.277 GC heap after
{Heap after GC invocations=38 (full 0):
 garbage-first heap   total 433152K, used 295424K [0x0000000080000000, 0x0000000100000000)
  region size 1024K, 11 young (11264K), 11 survivors (11264K)
 Metaspace       used 106619K, committed 107392K, reserved 1179648K
  class space    used 14752K, committed 15104K, reserved 1048576K
}
Event: 11.521 GC heap before
{Heap before GC invocations=38 (full 0):
 garbage-first heap   total 433152K, used 340480K [0x0000000080000000, 0x0000000100000000)
  region size 1024K, 55 young (56320K), 11 survivors (11264K)
 Metaspace       used 108111K, committed 108864K, reserved 1179648K
  class space    used 14968K, committed 15360K, reserved 1048576K
}
Event: 11.545 GC heap after
{Heap after GC invocations=39 (full 0):
 garbage-first heap   total 433152K, used 313344K [0x0000000080000000, 0x0000000100000000)
  region size 1024K, 7 young (7168K), 7 survivors (7168K)
 Metaspace       used 108111K, committed 108864K, reserved 1179648K
  class space    used 14968K, committed 15360K, reserved 1048576K
}
Event: 11.840 GC heap before
{Heap before GC invocations=39 (full 0):
 garbage-first heap   total 433152K, used 349184K [0x0000000080000000, 0x0000000100000000)
  region size 1024K, 43 young (44032K), 7 survivors (7168K)
 Metaspace       used 110057K, committed 110784K, reserved 1179648K
  class space    used 15228K, committed 15616K, reserved 1048576K
}

