# JRE version: OpenJDK Runtime Environment (17.0.9) (build 17.0.9+0--11185874)
# Java VM: OpenJDK 64-Bit Server VM (17.0.9+0--11185874, mixed mode, tiered, compressed oops, compressed class ptrs, g1 gc, windows-amd64)
GC Precious Log:
 CPUs: 8 total, 8 available
 Memory: 7834M
 Large Page Support: Disabled
 NUMA Support: Disabled
 Compressed Oops: Enabled (32-bit)
 Heap Region Size: 1M
 Heap Min Capacity: 8M
 Heap Initial Capacity: 124M
 Heap Max Capacity: 2G
 Pre-touch: Disabled
 Parallel Workers: 8
 Concurrent Workers: 2
 Concurrent Refinement Workers: 8
 Periodic GC: Disabled
Heap:
 garbage-first heap   total 363520K, used 199553K [0x0000000080000000, 0x0000000100000000)
  region size 1024K, 5 young (5120K), 5 survivors (5120K)
 Metaspace       used 103643K, committed 104384K, reserved 1179648K
  class space    used 14126K, committed 14528K, reserved 1048576K
GC Heap History (20 events):
Event: 8.339 GC heap after
{Heap after GC invocations=45 (full 0):
 garbage-first heap   total 178176K, used 101705K [0x0000000080000000, 0x0000000100000000)
  region size 1024K, 3 young (3072K), 3 survivors (3072K)
 Metaspace       used 98221K, committed 98944K, reserved 1179648K
  class space    used 13394K, committed 13696K, reserved 1048576K
}
Event: 8.643 GC heap before
{Heap before GC invocations=46 (full 0):
 garbage-first heap   total 189440K, used 145737K [0x0000000080000000, 0x0000000100000000)
  region size 1024K, 47 young (48128K), 3 survivors (3072K)
 Metaspace       used 98584K, committed 99264K, reserved 1179648K
  class space    used 13416K, committed 13760K, reserved 1048576K
}
Event: 8.648 GC heap after
{Heap after GC invocations=47 (full 0):
 garbage-first heap   total 189440K, used 104683K [0x0000000080000000, 0x0000000100000000)
  region size 1024K, 6 young (6144K), 6 survivors (6144K)
 Metaspace       used 98584K, committed 99264K, reserved 1179648K
  class space    used 13416K, committed 13760K, reserved 1048576K
}
Event: 8.662 GC heap before
{Heap before GC invocations=47 (full 0):
 garbage-first heap   total 189440K, used 107755K [0x0000000080000000, 0x0000000100000000)
  region size 1024K, 9 young (9216K), 6 survivors (6144K)
 Metaspace       used 98608K, committed 99328K, reserved 1179648K
  class space    used 13416K, committed 13760K, reserved 1048576K
}
Event: 8.665 GC heap after
{Heap after GC invocations=48 (full 0):
 garbage-first heap   total 227328K, used 105516K [0x0000000080000000, 0x0000000100000000)
  region size 1024K, 1 young (1024K), 1 survivors (1024K)
 Metaspace       used 98608K, committed 99328K, reserved 1179648K
  class space    used 13416K, committed 13760K, reserved 1048576K
}
Event: 8.990 GC heap before
{Heap before GC invocations=48 (full 0):
 garbage-first heap   total 227328K, used 184364K [0x0000000080000000, 0x0000000100000000)
  region size 1024K, 79 young (80896K), 1 survivors (1024K)
 Metaspace       used 99040K, committed 99776K, reserved 1179648K
  class space    used 13444K, committed 13760K, reserved 1048576K
}
Event: 8.994 GC heap after
{Heap after GC invocations=49 (full 0):
 garbage-first heap   total 227328K, used 109348K [0x0000000080000000, 0x0000000100000000)
  region size 1024K, 5 young (5120K), 5 survivors (5120K)
 Metaspace       used 99040K, committed 99776K, reserved 1179648K
  class space    used 13444K, committed 13760K, reserved 1048576K
}
Event: 9.342 GC heap before
{Heap before GC invocations=50 (full 0):
 garbage-first heap   total 227328K, used 184100K [0x0000000080000000, 0x0000000100000000)
  region size 1024K, 79 young (80896K), 5 survivors (5120K)
 Metaspace       used 99339K, committed 99968K, reserved 1179648K
  class space    used 13478K, committed 13760K, reserved 1048576K
}
Event: 9.348 GC heap after
{Heap after GC invocations=51 (full 0):
 garbage-first heap   total 227328K, used 114186K [0x0000000080000000, 0x0000000100000000)
  region size 1024K, 10 young (10240K), 10 survivors (10240K)
 Metaspace       used 99339K, committed 99968K, reserved 1179648K
  class space    used 13478K, committed 13760K, reserved 1048576K
}
Event: 9.533 GC heap before
{Heap before GC invocations=51 (full 0):
 garbage-first heap   total 227328K, used 185866K [0x0000000080000000, 0x0000000100000000)
  region size 1024K, 81 young (82944K), 10 survivors (10240K)
 Metaspace       used 99384K, committed 100096K, reserved 1179648K
  class space    used 13481K, committed 13824K, reserved 1048576K
}
Event: 9.541 GC heap after
{Heap after GC invocations=52 (full 0):
 garbage-first heap   total 227328K, used 118030K [0x0000000080000000, 0x0000000100000000)
  region size 1024K, 9 young (9216K), 9 survivors (9216K)
 Metaspace       used 99384K, committed 100096K, reserved 1179648K
  class space    used 13481K, committed 13824K, reserved 1048576K
}
Event: 9.726 GC heap before
{Heap before GC invocations=53 (full 0):
 garbage-first heap   total 227328K, used 155918K [0x0000000080000000, 0x0000000100000000)
  region size 1024K, 47 young (48128K), 9 survivors (9216K)
 Metaspace       used 100037K, committed 100800K, reserved 1179648K
  class space    used 13593K, committed 13952K, reserved 1048576K
}
Event: 9.732 GC heap after
{Heap after GC invocations=54 (full 0):
 garbage-first heap   total 227328K, used 119834K [0x0000000080000000, 0x0000000100000000)
  region size 1024K, 6 young (6144K), 6 survivors (6144K)
 Metaspace       used 100037K, committed 100800K, reserved 1179648K
  class space    used 13593K, committed 13952K, reserved 1048576K
}
Event: 9.933 GC heap before
{Heap before GC invocations=55 (full 0):
 garbage-first heap   total 254976K, used 166938K [0x0000000080000000, 0x0000000100000000)
  region size 1024K, 34 young (34816K), 6 survivors (6144K)
 Metaspace       used 103362K, committed 104128K, reserved 1179648K
  class space    used 14083K, committed 14464K, reserved 1048576K
}
Event: 9.937 GC heap after
{Heap after GC invocations=56 (full 0):
 garbage-first heap   total 254976K, used 142736K [0x0000000080000000, 0x0000000100000000)
  region size 1024K, 9 young (9216K), 9 survivors (9216K)
 Metaspace       used 103362K, committed 104128K, reserved 1179648K
  class space    used 14083K, committed 14464K, reserved 1048576K
}
Event: 10.259 GC heap before
{Heap before GC invocations=57 (full 0):
 garbage-first heap   total 363520K, used 282000K [0x0000000080000000, 0x0000000100000000)
  region size 1024K, 72 young (73728K), 9 survivors (9216K)
 Metaspace       used 103642K, committed 104384K, reserved 1179648K
  class space    used 14126K, committed 14528K, reserved 1048576K
}
Event: 10.280 GC heap after
{Heap after GC invocations=58 (full 0):
 garbage-first heap   total 363520K, used 194125K [0x0000000080000000, 0x0000000100000000)
  region size 1024K, 9 young (9216K), 9 survivors (9216K)
 Metaspace       used 103642K, committed 104384K, reserved 1179648K
  class space    used 14126K, committed 14528K, reserved 1048576K
}
Event: 10.301 GC heap before
{Heap before GC invocations=58 (full 0):
 garbage-first heap   total 363520K, used 201293K [0x0000000080000000, 0x0000000100000000)
  region size 1024K, 17 young (17408K), 9 survivors (9216K)
 Metaspace       used 103643K, committed 104384K, reserved 1179648K
  class space    used 14126K, committed 14528K, reserved 1048576K
}
Event: 10.314 GC heap after
{Heap after GC invocations=59 (full 0):
 garbage-first heap   total 363520K, used 198377K [0x0000000080000000, 0x0000000100000000)
  region size 1024K, 3 young (3072K), 3 survivors (3072K)
 Metaspace       used 103643K, committed 104384K, reserved 1179648K
  class space    used 14126K, committed 14528K, reserved 1048576K
}
Event: 10.320 GC heap before
{Heap before GC invocations=59 (full 0):
 garbage-first heap   total 363520K, used 200425K [0x0000000080000000, 0x0000000100000000)
  region size 1024K, 6 young (6144K), 3 survivors (3072K)
 Metaspace       used 103643K, committed 104384K, reserved 1179648K
  class space    used 14126K, committed 14528K, reserved 1048576K
}

