# JRE version: OpenJDK Runtime Environment (17.0.9) (build 17.0.9+0--11185874)
# Java VM: OpenJDK 64-Bit Server VM (17.0.9+0--11185874, mixed mode, tiered, compressed oops, compressed class ptrs, g1 gc, windows-amd64)
GC Precious Log:
 CPUs: 8 total, 8 available
 Memory: 7834M
 Large Page Support: Disabled
 NUMA Support: Disabled
 Compressed Oops: Enabled (32-bit)
 Heap Region Size: 1M
 Heap Min Capacity: 8M
 Heap Initial Capacity: 124M
 Heap Max Capacity: 2G
 Pre-touch: Disabled
 Parallel Workers: 8
 Concurrent Workers: 2
 Concurrent Refinement Workers: 8
 Periodic GC: Disabled
Heap:
 garbage-first heap   total 343040K, used 199680K [0x0000000080000000, 0x0000000100000000)
  region size 1024K, 2 young (2048K), 2 survivors (2048K)
 Metaspace       used 133460K, committed 134464K, reserved 1179648K
  class space    used 18479K, committed 18944K, reserved 1048576K
GC Heap History (20 events):
Event: 15.737 GC heap after
{Heap after GC invocations=51 (full 0):
 garbage-first heap   total 235520K, used 127143K [0x0000000080000000, 0x0000000100000000)
  region size 1024K, 10 young (10240K), 10 survivors (10240K)
 Metaspace       used 114389K, committed 115264K, reserved 1179648K
  class space    used 15511K, committed 15936K, reserved 1048576K
}
Event: 16.246 GC heap before
{Heap before GC invocations=51 (full 0):
 garbage-first heap   total 235520K, used 196775K [0x0000000080000000, 0x0000000100000000)
  region size 1024K, 79 young (80896K), 10 survivors (10240K)
 Metaspace       used 116810K, committed 117632K, reserved 1179648K
  class space    used 15851K, committed 16256K, reserved 1048576K
}
Event: 16.257 GC heap after
{Heap after GC invocations=52 (full 0):
 garbage-first heap   total 235520K, used 133093K [0x0000000080000000, 0x0000000100000000)
  region size 1024K, 10 young (10240K), 10 survivors (10240K)
 Metaspace       used 116810K, committed 117632K, reserved 1179648K
  class space    used 15851K, committed 16256K, reserved 1048576K
}
Event: 16.928 GC heap before
{Heap before GC invocations=52 (full 0):
 garbage-first heap   total 235520K, used 196581K [0x0000000080000000, 0x0000000100000000)
  region size 1024K, 73 young (74752K), 10 survivors (10240K)
 Metaspace       used 125196K, committed 126016K, reserved 1179648K
  class space    used 17211K, committed 17600K, reserved 1048576K
}
Event: 16.936 GC heap after
{Heap after GC invocations=53 (full 0):
 garbage-first heap   total 235520K, used 137463K [0x0000000080000000, 0x0000000100000000)
  region size 1024K, 4 young (4096K), 4 survivors (4096K)
 Metaspace       used 125196K, committed 126016K, reserved 1179648K
  class space    used 17211K, committed 17600K, reserved 1048576K
}
Event: 17.306 GC heap before
{Heap before GC invocations=53 (full 0):
 garbage-first heap   total 235520K, used 197879K [0x0000000080000000, 0x0000000100000000)
  region size 1024K, 64 young (65536K), 4 survivors (4096K)
 Metaspace       used 129938K, committed 130752K, reserved 1179648K
  class space    used 18035K, committed 18432K, reserved 1048576K
}
Event: 17.309 GC heap after
{Heap after GC invocations=54 (full 0):
 garbage-first heap   total 235520K, used 137709K [0x0000000080000000, 0x0000000100000000)
  region size 1024K, 4 young (4096K), 4 survivors (4096K)
 Metaspace       used 129938K, committed 130752K, reserved 1179648K
  class space    used 18035K, committed 18432K, reserved 1048576K
}
Event: 18.101 GC heap before
{Heap before GC invocations=54 (full 0):
 garbage-first heap   total 235520K, used 209389K [0x0000000080000000, 0x0000000100000000)
  region size 1024K, 66 young (67584K), 4 survivors (4096K)
 Metaspace       used 133030K, committed 133888K, reserved 1179648K
  class space    used 18423K, committed 18816K, reserved 1048576K
}
Event: 18.108 GC heap after
{Heap after GC invocations=55 (full 0):
 garbage-first heap   total 235520K, used 147949K [0x0000000080000000, 0x0000000100000000)
  region size 1024K, 4 young (4096K), 4 survivors (4096K)
 Metaspace       used 133030K, committed 133888K, reserved 1179648K
  class space    used 18423K, committed 18816K, reserved 1048576K
}
Event: 18.216 GC heap before
{Heap before GC invocations=55 (full 0):
 garbage-first heap   total 235520K, used 166381K [0x0000000080000000, 0x0000000100000000)
  region size 1024K, 11 young (11264K), 4 survivors (4096K)
 Metaspace       used 133443K, committed 134400K, reserved 1179648K
  class space    used 18494K, committed 18944K, reserved 1048576K
}
Event: 18.220 GC heap after
{Heap after GC invocations=56 (full 0):
 garbage-first heap   total 235520K, used 163274K [0x0000000080000000, 0x0000000100000000)
  region size 1024K, 6 young (6144K), 6 survivors (6144K)
 Metaspace       used 133443K, committed 134400K, reserved 1179648K
  class space    used 18494K, committed 18944K, reserved 1048576K
}
Event: 18.223 GC heap before
{Heap before GC invocations=56 (full 0):
 garbage-first heap   total 235520K, used 171466K [0x0000000080000000, 0x0000000100000000)
  region size 1024K, 7 young (7168K), 6 survivors (6144K)
 Metaspace       used 133443K, committed 134400K, reserved 1179648K
  class space    used 18494K, committed 18944K, reserved 1048576K
}
Event: 18.227 GC heap after
{Heap after GC invocations=57 (full 0):
 garbage-first heap   total 235520K, used 171986K [0x0000000080000000, 0x0000000100000000)
  region size 1024K, 3 young (3072K), 3 survivors (3072K)
 Metaspace       used 133443K, committed 134400K, reserved 1179648K
  class space    used 18494K, committed 18944K, reserved 1048576K
}
Event: 18.228 GC heap before
{Heap before GC invocations=57 (full 0):
 garbage-first heap   total 235520K, used 181202K [0x0000000080000000, 0x0000000100000000)
  region size 1024K, 3 young (3072K), 3 survivors (3072K)
 Metaspace       used 133443K, committed 134400K, reserved 1179648K
  class space    used 18494K, committed 18944K, reserved 1048576K
}
Event: 18.229 GC heap after
{Heap after GC invocations=58 (full 0):
 garbage-first heap   total 235520K, used 180326K [0x0000000080000000, 0x0000000100000000)
  region size 1024K, 3 young (3072K), 3 survivors (3072K)
 Metaspace       used 133443K, committed 134400K, reserved 1179648K
  class space    used 18494K, committed 18944K, reserved 1048576K
}
Event: 18.305 GC heap before
{Heap before GC invocations=58 (full 0):
 garbage-first heap   total 235520K, used 228454K [0x0000000080000000, 0x0000000100000000)
  region size 1024K, 12 young (12288K), 3 survivors (3072K)
 Metaspace       used 133514K, committed 134464K, reserved 1179648K
  class space    used 18500K, committed 18944K, reserved 1048576K
}
Event: 18.308 GC heap after
{Heap after GC invocations=59 (full 0):
 garbage-first heap   total 237568K, used 183762K [0x0000000080000000, 0x0000000100000000)
  region size 1024K, 4 young (4096K), 4 survivors (4096K)
 Metaspace       used 133514K, committed 134464K, reserved 1179648K
  class space    used 18500K, committed 18944K, reserved 1048576K
}
Event: 18.668 GC heap before
{Heap before GC invocations=60 (full 0):
 garbage-first heap   total 343040K, used 211410K [0x0000000080000000, 0x0000000100000000)
  region size 1024K, 23 young (23552K), 4 survivors (4096K)
 Metaspace       used 133460K, committed 134464K, reserved 1179648K
  class space    used 18479K, committed 18944K, reserved 1048576K
}
Event: 18.677 GC heap after
{Heap after GC invocations=61 (full 0):
 garbage-first heap   total 343040K, used 194036K [0x0000000080000000, 0x0000000100000000)
  region size 1024K, 3 young (3072K), 3 survivors (3072K)
 Metaspace       used 133460K, committed 134464K, reserved 1179648K
  class space    used 18479K, committed 18944K, reserved 1048576K
}
Event: 18.776 GC heap before
{Heap before GC invocations=61 (full 0):
 garbage-first heap   total 343040K, used 206324K [0x0000000080000000, 0x0000000100000000)
  region size 1024K, 16 young (16384K), 3 survivors (3072K)
 Metaspace       used 133460K, committed 134464K, reserved 1179648K
  class space    used 18479K, committed 18944K, reserved 1048576K
}

