# JRE version: OpenJDK Runtime Environment (17.0.9) (build 17.0.9+0--11185874)
# Java VM: OpenJDK 64-Bit Server VM (17.0.9+0--11185874, mixed mode, tiered, compressed oops, compressed class ptrs, g1 gc, windows-amd64)
GC Precious Log:
 CPUs: 8 total, 8 available
 Memory: 7834M
 Large Page Support: Disabled
 NUMA Support: Disabled
 Compressed Oops: Enabled (32-bit)
 Heap Region Size: 1M
 Heap Min Capacity: 8M
 Heap Initial Capacity: 124M
 Heap Max Capacity: 2G
 Pre-touch: Disabled
 Parallel Workers: 8
 Concurrent Workers: 2
 Concurrent Refinement Workers: 8
 Periodic GC: Disabled
Heap:
 garbage-first heap   total 380928K, used 290304K [0x0000000080000000, 0x0000000100000000)
  region size 1024K, 6 young (6144K), 6 survivors (6144K)
 Metaspace       used 106636K, committed 107328K, reserved 1179648K
  class space    used 14770K, committed 15104K, reserved 1048576K
GC Heap History (20 events):
Event: 9.371 GC heap after
{Heap after GC invocations=42 (full 0):
 garbage-first heap   total 252928K, used 109123K [0x0000000080000000, 0x0000000100000000)
  region size 1024K, 8 young (8192K), 8 survivors (8192K)
 Metaspace       used 99074K, committed 99712K, reserved 1179648K
  class space    used 13464K, committed 13760K, reserved 1048576K
}
Event: 9.722 GC heap before
{Heap before GC invocations=42 (full 0):
 garbage-first heap   total 252928K, used 204355K [0x0000000080000000, 0x0000000100000000)
  region size 1024K, 102 young (104448K), 8 survivors (8192K)
 Metaspace       used 99433K, committed 100096K, reserved 1179648K
  class space    used 13502K, committed 13824K, reserved 1048576K
}
Event: 9.729 GC heap after
{Heap after GC invocations=43 (full 0):
 garbage-first heap   total 252928K, used 114310K [0x0000000080000000, 0x0000000100000000)
  region size 1024K, 13 young (13312K), 13 survivors (13312K)
 Metaspace       used 99433K, committed 100096K, reserved 1179648K
  class space    used 13502K, committed 13824K, reserved 1048576K
}
Event: 10.005 GC heap before
{Heap before GC invocations=43 (full 0):
 garbage-first heap   total 252928K, used 206470K [0x0000000080000000, 0x0000000100000000)
  region size 1024K, 104 young (106496K), 13 survivors (13312K)
 Metaspace       used 99935K, committed 100608K, reserved 1179648K
  class space    used 13594K, committed 13888K, reserved 1048576K
}
Event: 10.013 GC heap after
{Heap after GC invocations=44 (full 0):
 garbage-first heap   total 252928K, used 119057K [0x0000000080000000, 0x0000000100000000)
  region size 1024K, 11 young (11264K), 11 survivors (11264K)
 Metaspace       used 99935K, committed 100608K, reserved 1179648K
  class space    used 13594K, committed 13888K, reserved 1048576K
}
Event: 10.083 GC heap before
{Heap before GC invocations=44 (full 0):
 garbage-first heap   total 252928K, used 135441K [0x0000000080000000, 0x0000000100000000)
  region size 1024K, 29 young (29696K), 11 survivors (11264K)
 Metaspace       used 100141K, committed 100864K, reserved 1179648K
  class space    used 13618K, committed 13952K, reserved 1048576K
}
Event: 10.089 GC heap after
{Heap after GC invocations=45 (full 0):
 garbage-first heap   total 252928K, used 120230K [0x0000000080000000, 0x0000000100000000)
  region size 1024K, 6 young (6144K), 6 survivors (6144K)
 Metaspace       used 100141K, committed 100864K, reserved 1179648K
  class space    used 13618K, committed 13952K, reserved 1048576K
}
Event: 10.405 GC heap before
{Heap before GC invocations=46 (full 0):
 garbage-first heap   total 252928K, used 240038K [0x0000000080000000, 0x0000000100000000)
  region size 1024K, 45 young (46080K), 6 survivors (6144K)
 Metaspace       used 103691K, committed 104448K, reserved 1179648K
  class space    used 14145K, committed 14528K, reserved 1048576K
}
Event: 10.410 GC heap after
{Heap after GC invocations=47 (full 0):
 garbage-first heap   total 254976K, used 167471K [0x0000000080000000, 0x0000000100000000)
  region size 1024K, 12 young (12288K), 12 survivors (12288K)
 Metaspace       used 103691K, committed 104448K, reserved 1179648K
  class space    used 14145K, committed 14528K, reserved 1048576K
}
Event: 10.416 GC heap before
{Heap before GC invocations=47 (full 0):
 garbage-first heap   total 254976K, used 168495K [0x0000000080000000, 0x0000000100000000)
  region size 1024K, 13 young (13312K), 12 survivors (12288K)
 Metaspace       used 103691K, committed 104448K, reserved 1179648K
  class space    used 14145K, committed 14528K, reserved 1048576K
}
Event: 10.422 GC heap after
{Heap after GC invocations=48 (full 0):
 garbage-first heap   total 306176K, used 168598K [0x0000000080000000, 0x0000000100000000)
  region size 1024K, 2 young (2048K), 2 survivors (2048K)
 Metaspace       used 103691K, committed 104448K, reserved 1179648K
  class space    used 14145K, committed 14528K, reserved 1048576K
}
Event: 10.784 GC heap before
{Heap before GC invocations=48 (full 0):
 garbage-first heap   total 306176K, used 262806K [0x0000000080000000, 0x0000000100000000)
  region size 1024K, 78 young (79872K), 2 survivors (2048K)
 Metaspace       used 104376K, committed 105152K, reserved 1179648K
  class space    used 14268K, committed 14656K, reserved 1048576K
}
Event: 10.810 GC heap after
{Heap after GC invocations=49 (full 0):
 garbage-first heap   total 306176K, used 208896K [0x0000000080000000, 0x0000000100000000)
  region size 1024K, 10 young (10240K), 10 survivors (10240K)
 Metaspace       used 104376K, committed 105152K, reserved 1179648K
  class space    used 14268K, committed 14656K, reserved 1048576K
}
Event: 11.051 GC heap before
{Heap before GC invocations=50 (full 0):
 garbage-first heap   total 380928K, used 248832K [0x0000000080000000, 0x0000000100000000)
  region size 1024K, 50 young (51200K), 10 survivors (10240K)
 Metaspace       used 106552K, committed 107264K, reserved 1179648K
  class space    used 14763K, committed 15104K, reserved 1048576K
}
Event: 11.078 GC heap after
{Heap after GC invocations=51 (full 0):
 garbage-first heap   total 380928K, used 225071K [0x0000000080000000, 0x0000000100000000)
  region size 1024K, 7 young (7168K), 7 survivors (7168K)
 Metaspace       used 106552K, committed 107264K, reserved 1179648K
  class space    used 14763K, committed 15104K, reserved 1048576K
}
Event: 11.126 GC heap before
{Heap before GC invocations=51 (full 0):
 garbage-first heap   total 380928K, used 236335K [0x0000000080000000, 0x0000000100000000)
  region size 1024K, 18 young (18432K), 7 survivors (7168K)
 Metaspace       used 106576K, committed 107264K, reserved 1179648K
  class space    used 14763K, committed 15104K, reserved 1048576K
}
Event: 11.136 GC heap after
{Heap after GC invocations=52 (full 0):
 garbage-first heap   total 380928K, used 231424K [0x0000000080000000, 0x0000000100000000)
  region size 1024K, 3 young (3072K), 3 survivors (3072K)
 Metaspace       used 106576K, committed 107264K, reserved 1179648K
  class space    used 14763K, committed 15104K, reserved 1048576K
}
Event: 11.326 GC heap before
{Heap before GC invocations=52 (full 0):
 garbage-first heap   total 380928K, used 294912K [0x0000000080000000, 0x0000000100000000)
  region size 1024K, 66 young (67584K), 3 survivors (3072K)
 Metaspace       used 106632K, committed 107328K, reserved 1179648K
  class space    used 14770K, committed 15104K, reserved 1048576K
}
Event: 11.349 GC heap after
{Heap after GC invocations=53 (full 0):
 garbage-first heap   total 380928K, used 265494K [0x0000000080000000, 0x0000000100000000)
  region size 1024K, 9 young (9216K), 9 survivors (9216K)
 Metaspace       used 106632K, committed 107328K, reserved 1179648K
  class space    used 14770K, committed 15104K, reserved 1048576K
}
Event: 11.451 GC heap before
{Heap before GC invocations=53 (full 0):
 garbage-first heap   total 380928K, used 307478K [0x0000000080000000, 0x0000000100000000)
  region size 1024K, 46 young (47104K), 9 survivors (9216K)
 Metaspace       used 106636K, committed 107328K, reserved 1179648K
  class space    used 14770K, committed 15104K, reserved 1048576K
}

