# JRE version: OpenJDK Runtime Environment (17.0.9) (build 17.0.9+0--11185874)
# Java VM: OpenJDK 64-Bit Server VM (17.0.9+0--11185874, mixed mode, tiered, compressed oops, compressed class ptrs, g1 gc, windows-amd64)
GC Precious Log:
 CPUs: 8 total, 8 available
 Memory: 7834M
 Large Page Support: Disabled
 NUMA Support: Disabled
 Compressed Oops: Enabled (32-bit)
 Heap Region Size: 1M
 Heap Min Capacity: 8M
 Heap Initial Capacity: 124M
 Heap Max Capacity: 2G
 Pre-touch: Disabled
 Parallel Workers: 8
 Concurrent Workers: 2
 Concurrent Refinement Workers: 8
 Periodic GC: Disabled
Heap:
 garbage-first heap   total 358400K, used 259981K [0x0000000080000000, 0x0000000100000000)
  region size 1024K, 7 young (7168K), 7 survivors (7168K)
 Metaspace       used 106657K, committed 107328K, reserved 1179648K
  class space    used 14764K, committed 15104K, reserved 1048576K
GC Heap History (20 events):
Event: 6.737 GC heap after
{Heap after GC invocations=36 (full 0):
 garbage-first heap   total 276480K, used 78439K [0x0000000080000000, 0x0000000100000000)
  region size 1024K, 3 young (3072K), 3 survivors (3072K)
 Metaspace       used 74948K, committed 75520K, reserved 1114112K
  class space    used 9905K, committed 10176K, reserved 1048576K
}
Event: 7.803 GC heap before
{Heap before GC invocations=36 (full 0):
 garbage-first heap   total 276480K, used 194151K [0x0000000080000000, 0x0000000100000000)
  region size 1024K, 116 young (118784K), 3 survivors (3072K)
 Metaspace       used 83661K, committed 84288K, reserved 1179648K
  class space    used 11288K, committed 11584K, reserved 1048576K
}
Event: 7.810 GC heap after
{Heap after GC invocations=37 (full 0):
 garbage-first heap   total 276480K, used 83306K [0x0000000080000000, 0x0000000100000000)
  region size 1024K, 8 young (8192K), 8 survivors (8192K)
 Metaspace       used 83661K, committed 84288K, reserved 1179648K
  class space    used 11288K, committed 11584K, reserved 1048576K
}
Event: 8.967 GC heap before
{Heap before GC invocations=37 (full 0):
 garbage-first heap   total 276480K, used 224618K [0x0000000080000000, 0x0000000100000000)
  region size 1024K, 142 young (145408K), 8 survivors (8192K)
 Metaspace       used 95168K, committed 95872K, reserved 1179648K
  class space    used 12791K, committed 13120K, reserved 1048576K
}
Event: 8.978 GC heap after
{Heap after GC invocations=38 (full 0):
 garbage-first heap   total 276480K, used 94131K [0x0000000080000000, 0x0000000100000000)
  region size 1024K, 18 young (18432K), 18 survivors (18432K)
 Metaspace       used 95168K, committed 95872K, reserved 1179648K
  class space    used 12791K, committed 13120K, reserved 1048576K
}
Event: 9.823 GC heap before
{Heap before GC invocations=38 (full 0):
 garbage-first heap   total 276480K, used 217011K [0x0000000080000000, 0x0000000100000000)
  region size 1024K, 139 young (142336K), 18 survivors (18432K)
 Metaspace       used 98649K, committed 99392K, reserved 1179648K
  class space    used 13422K, committed 13760K, reserved 1048576K
}
Event: 9.837 GC heap after
{Heap after GC invocations=39 (full 0):
 garbage-first heap   total 276480K, used 104778K [0x0000000080000000, 0x0000000100000000)
  region size 1024K, 11 young (11264K), 11 survivors (11264K)
 Metaspace       used 98649K, committed 99392K, reserved 1179648K
  class space    used 13422K, committed 13760K, reserved 1048576K
}
Event: 10.242 GC heap before
{Heap before GC invocations=39 (full 0):
 garbage-first heap   total 276480K, used 219466K [0x0000000080000000, 0x0000000100000000)
  region size 1024K, 124 young (126976K), 11 survivors (11264K)
 Metaspace       used 99270K, committed 99904K, reserved 1179648K
  class space    used 13464K, committed 13760K, reserved 1048576K
}
Event: 10.250 GC heap after
{Heap after GC invocations=40 (full 0):
 garbage-first heap   total 276480K, used 112337K [0x0000000080000000, 0x0000000100000000)
  region size 1024K, 8 young (8192K), 8 survivors (8192K)
 Metaspace       used 99270K, committed 99904K, reserved 1179648K
  class space    used 13464K, committed 13760K, reserved 1048576K
}
Event: 10.587 GC heap before
{Heap before GC invocations=40 (full 0):
 garbage-first heap   total 276480K, used 222929K [0x0000000080000000, 0x0000000100000000)
  region size 1024K, 117 young (119808K), 8 survivors (8192K)
 Metaspace       used 99551K, committed 100224K, reserved 1179648K
  class space    used 13498K, committed 13824K, reserved 1048576K
}
Event: 10.595 GC heap after
{Heap after GC invocations=41 (full 0):
 garbage-first heap   total 276480K, used 117628K [0x0000000080000000, 0x0000000100000000)
  region size 1024K, 13 young (13312K), 13 survivors (13312K)
 Metaspace       used 99551K, committed 100224K, reserved 1179648K
  class space    used 13498K, committed 13824K, reserved 1048576K
}
Event: 11.033 GC heap before
{Heap before GC invocations=41 (full 0):
 garbage-first heap   total 276480K, used 226172K [0x0000000080000000, 0x0000000100000000)
  region size 1024K, 95 young (97280K), 13 survivors (13312K)
 Metaspace       used 103535K, committed 104256K, reserved 1179648K
  class space    used 14095K, committed 14464K, reserved 1048576K
}
Event: 11.041 GC heap after
{Heap after GC invocations=42 (full 0):
 garbage-first heap   total 276480K, used 149520K [0x0000000080000000, 0x0000000100000000)
  region size 1024K, 12 young (12288K), 12 survivors (12288K)
 Metaspace       used 103535K, committed 104256K, reserved 1179648K
  class space    used 14095K, committed 14464K, reserved 1048576K
}
Event: 11.428 GC heap before
{Heap before GC invocations=43 (full 0):
 garbage-first heap   total 358400K, used 291856K [0x0000000080000000, 0x0000000100000000)
  region size 1024K, 84 young (86016K), 12 survivors (12288K)
 Metaspace       used 103820K, committed 104576K, reserved 1179648K
  class space    used 14142K, committed 14528K, reserved 1048576K
}
Event: 11.455 GC heap after
{Heap after GC invocations=44 (full 0):
 garbage-first heap   total 358400K, used 199217K [0x0000000080000000, 0x0000000100000000)
  region size 1024K, 11 young (11264K), 11 survivors (11264K)
 Metaspace       used 103820K, committed 104576K, reserved 1179648K
  class space    used 14142K, committed 14528K, reserved 1048576K
}
Event: 11.477 GC heap before
{Heap before GC invocations=44 (full 0):
 garbage-first heap   total 358400K, used 207409K [0x0000000080000000, 0x0000000100000000)
  region size 1024K, 17 young (17408K), 11 survivors (11264K)
 Metaspace       used 103820K, committed 104576K, reserved 1179648K
  class space    used 14142K, committed 14528K, reserved 1048576K
}
Event: 11.491 GC heap after
{Heap after GC invocations=45 (full 0):
 garbage-first heap   total 358400K, used 205312K [0x0000000080000000, 0x0000000100000000)
  region size 1024K, 3 young (3072K), 3 survivors (3072K)
 Metaspace       used 103820K, committed 104576K, reserved 1179648K
  class space    used 14142K, committed 14528K, reserved 1048576K
}
Event: 11.775 GC heap before
{Heap before GC invocations=45 (full 0):
 garbage-first heap   total 358400K, used 279040K [0x0000000080000000, 0x0000000100000000)
  region size 1024K, 75 young (76800K), 3 survivors (3072K)
 Metaspace       used 106645K, committed 107328K, reserved 1179648K
  class space    used 14764K, committed 15104K, reserved 1048576K
}
Event: 11.796 GC heap after
{Heap after GC invocations=46 (full 0):
 garbage-first heap   total 358400K, used 234812K [0x0000000080000000, 0x0000000100000000)
  region size 1024K, 10 young (10240K), 10 survivors (10240K)
 Metaspace       used 106645K, committed 107328K, reserved 1179648K
  class space    used 14764K, committed 15104K, reserved 1048576K
}
Event: 11.921 GC heap before
{Heap before GC invocations=46 (full 0):
 garbage-first heap   total 358400K, used 279868K [0x0000000080000000, 0x0000000100000000)
  region size 1024K, 55 young (56320K), 10 survivors (10240K)
 Metaspace       used 106657K, committed 107328K, reserved 1179648K
  class space    used 14764K, committed 15104K, reserved 1048576K
}

