# JRE version: OpenJDK Runtime Environment (17.0.9) (build 17.0.9+0--11185874)
# Java VM: OpenJDK 64-Bit Server VM (17.0.9+0--11185874, mixed mode, tiered, compressed oops, compressed class ptrs, g1 gc, windows-amd64)
GC Precious Log:
 CPUs: 8 total, 8 available
 Memory: 7834M
 Large Page Support: Disabled
 NUMA Support: Disabled
 Compressed Oops: Enabled (32-bit)
 Heap Region Size: 1M
 Heap Min Capacity: 8M
 Heap Initial Capacity: 124M
 Heap Max Capacity: 2G
 Pre-touch: Disabled
 Parallel Workers: 8
 Concurrent Workers: 2
 Concurrent Refinement Workers: 8
 Periodic GC: Disabled
Heap:
 garbage-first heap   total 409600K, used 305152K [0x0000000080000000, 0x0000000100000000)
  region size 1024K, 8 young (8192K), 8 survivors (8192K)
 Metaspace       used 124515K, committed 125312K, reserved 1179648K
  class space    used 17280K, committed 17664K, reserved 1048576K
GC Heap History (20 events):
Event: 9.424 GC heap after
{Heap after GC invocations=49 (full 0):
 garbage-first heap   total 174080K, used 99895K [0x0000000080000000, 0x0000000100000000)
  region size 1024K, 1 young (1024K), 1 survivors (1024K)
 Metaspace       used 98033K, committed 98688K, reserved 1179648K
  class space    used 13393K, committed 13696K, reserved 1048576K
}
Event: 9.718 GC heap before
{Heap before GC invocations=49 (full 0):
 garbage-first heap   total 174080K, used 141879K [0x0000000080000000, 0x0000000100000000)
  region size 1024K, 43 young (44032K), 1 survivors (1024K)
 Metaspace       used 98285K, committed 98944K, reserved 1179648K
  class space    used 13394K, committed 13696K, reserved 1048576K
}
Event: 9.721 GC heap after
{Heap after GC invocations=50 (full 0):
 garbage-first heap   total 174080K, used 101886K [0x0000000080000000, 0x0000000100000000)
  region size 1024K, 3 young (3072K), 3 survivors (3072K)
 Metaspace       used 98285K, committed 98944K, reserved 1179648K
  class space    used 13394K, committed 13696K, reserved 1048576K
}
Event: 10.084 GC heap before
{Heap before GC invocations=51 (full 0):
 garbage-first heap   total 189440K, used 143870K [0x0000000080000000, 0x0000000100000000)
  region size 1024K, 45 young (46080K), 3 survivors (3072K)
 Metaspace       used 98699K, committed 99328K, reserved 1179648K
  class space    used 13421K, committed 13696K, reserved 1048576K
}
Event: 10.088 GC heap after
{Heap after GC invocations=52 (full 0):
 garbage-first heap   total 189440K, used 105007K [0x0000000080000000, 0x0000000100000000)
  region size 1024K, 6 young (6144K), 6 survivors (6144K)
 Metaspace       used 98699K, committed 99328K, reserved 1179648K
  class space    used 13421K, committed 13696K, reserved 1048576K
}
Event: 10.132 GC heap before
{Heap before GC invocations=52 (full 0):
 garbage-first heap   total 189440K, used 107055K [0x0000000080000000, 0x0000000100000000)
  region size 1024K, 9 young (9216K), 6 survivors (6144K)
 Metaspace       used 98805K, committed 99456K, reserved 1179648K
  class space    used 13440K, committed 13760K, reserved 1048576K
}
Event: 10.137 GC heap after
{Heap after GC invocations=53 (full 0):
 garbage-first heap   total 348160K, used 105448K [0x0000000080000000, 0x0000000100000000)
  region size 1024K, 1 young (1024K), 1 survivors (1024K)
 Metaspace       used 98805K, committed 99456K, reserved 1179648K
  class space    used 13440K, committed 13760K, reserved 1048576K
}
Event: 11.233 GC heap before
{Heap before GC invocations=53 (full 0):
 garbage-first heap   total 348160K, used 278504K [0x0000000080000000, 0x0000000100000000)
  region size 1024K, 171 young (175104K), 1 survivors (1024K)
 Metaspace       used 104471K, committed 105152K, reserved 1179648K
  class space    used 14211K, committed 14528K, reserved 1048576K
}
Event: 11.241 GC heap after
{Heap after GC invocations=54 (full 0):
 garbage-first heap   total 348160K, used 114684K [0x0000000080000000, 0x0000000100000000)
  region size 1024K, 10 young (10240K), 10 survivors (10240K)
 Metaspace       used 104471K, committed 105152K, reserved 1179648K
  class space    used 14211K, committed 14528K, reserved 1048576K
}
Event: 17.189 GC heap before
{Heap before GC invocations=54 (full 0):
 garbage-first heap   total 348160K, used 272380K [0x0000000080000000, 0x0000000100000000)
  region size 1024K, 165 young (168960K), 10 survivors (10240K)
 Metaspace       used 108288K, committed 109056K, reserved 1179648K
  class space    used 14729K, committed 15104K, reserved 1048576K
}
Event: 17.202 GC heap after
{Heap after GC invocations=55 (full 0):
 garbage-first heap   total 348160K, used 123267K [0x0000000080000000, 0x0000000100000000)
  region size 1024K, 19 young (19456K), 19 survivors (19456K)
 Metaspace       used 108288K, committed 109056K, reserved 1179648K
  class space    used 14729K, committed 15104K, reserved 1048576K
}
Event: 18.419 GC heap before
{Heap before GC invocations=55 (full 0):
 garbage-first heap   total 348160K, used 290179K [0x0000000080000000, 0x0000000100000000)
  region size 1024K, 144 young (147456K), 19 survivors (19456K)
 Metaspace       used 123176K, committed 124032K, reserved 1179648K
  class space    used 16993K, committed 17408K, reserved 1048576K
}
Event: 18.430 GC heap after
{Heap after GC invocations=56 (full 0):
 garbage-first heap   total 348160K, used 170002K [0x0000000080000000, 0x0000000100000000)
  region size 1024K, 15 young (15360K), 15 survivors (15360K)
 Metaspace       used 123176K, committed 124032K, reserved 1179648K
  class space    used 16993K, committed 17408K, reserved 1048576K
}
Event: 18.985 GC heap before
{Heap before GC invocations=57 (full 0):
 garbage-first heap   total 375808K, used 346130K [0x0000000080000000, 0x0000000100000000)
  region size 1024K, 131 young (134144K), 15 survivors (15360K)
 Metaspace       used 124422K, committed 125248K, reserved 1179648K
  class space    used 17279K, committed 17664K, reserved 1048576K
}
Event: 19.028 GC heap after
{Heap after GC invocations=58 (full 0):
 garbage-first heap   total 409600K, used 224436K [0x0000000080000000, 0x0000000100000000)
  region size 1024K, 17 young (17408K), 17 survivors (17408K)
 Metaspace       used 124422K, committed 125248K, reserved 1179648K
  class space    used 17279K, committed 17664K, reserved 1048576K
}
Event: 19.053 GC heap before
{Heap before GC invocations=58 (full 0):
 garbage-first heap   total 409600K, used 227508K [0x0000000080000000, 0x0000000100000000)
  region size 1024K, 20 young (20480K), 17 survivors (17408K)
 Metaspace       used 124435K, committed 125248K, reserved 1179648K
  class space    used 17280K, committed 17664K, reserved 1048576K
}
Event: 19.072 GC heap after
{Heap after GC invocations=59 (full 0):
 garbage-first heap   total 409600K, used 228864K [0x0000000080000000, 0x0000000100000000)
  region size 1024K, 3 young (3072K), 3 survivors (3072K)
 Metaspace       used 124435K, committed 125248K, reserved 1179648K
  class space    used 17280K, committed 17664K, reserved 1048576K
}
Event: 19.302 GC heap before
{Heap before GC invocations=59 (full 0):
 garbage-first heap   total 409600K, used 321024K [0x0000000080000000, 0x0000000100000000)
  region size 1024K, 91 young (93184K), 3 survivors (3072K)
 Metaspace       used 124512K, committed 125312K, reserved 1179648K
  class space    used 17280K, committed 17664K, reserved 1048576K
}
Event: 19.332 GC heap after
{Heap after GC invocations=60 (full 0):
 garbage-first heap   total 409600K, used 276480K [0x0000000080000000, 0x0000000100000000)
  region size 1024K, 12 young (12288K), 12 survivors (12288K)
 Metaspace       used 124512K, committed 125312K, reserved 1179648K
  class space    used 17280K, committed 17664K, reserved 1048576K
}
Event: 19.479 GC heap before
{Heap before GC invocations=60 (full 0):
 garbage-first heap   total 409600K, used 327680K [0x0000000080000000, 0x0000000100000000)
  region size 1024K, 60 young (61440K), 12 survivors (12288K)
 Metaspace       used 124515K, committed 125312K, reserved 1179648K
  class space    used 17280K, committed 17664K, reserved 1048576K
}

