# JRE version: OpenJDK Runtime Environment (11.0.15) (build 11.0.15+0-b2043.56-9505619)
# Java VM: OpenJDK 64-Bit Server VM (11.0.15+0-b2043.56-9505619, mixed mode, tiered, compressed oops, g1 gc, windows-amd64)
Heap:
 garbage-first heap   total 450560K, used 188886K [0x0000000080000000, 0x0000000100000000)
  region size 1024K, 8 young (8192K), 8 survivors (8192K)
 Metaspace       used 110468K, capacity 114205K, committed 114396K, reserved 1146880K
  class space    used 14707K, capacity 16256K, committed 16332K, reserved 1048576K
GC Heap History (20 events):
Event: 9.244 GC heap after
{Heap after GC invocations=30 (full 0):
 garbage-first heap   total 220160K, used 128214K [0x0000000080000000, 0x0000000100000000)
  region size 1024K, 8 young (8192K), 8 survivors (8192K)
 Metaspace       used 101071K, capacity 104039K, committed 104412K, reserved 1138688K
  class space    used 13281K, capacity 14418K, committed 14540K, reserved 1048576K
}
Event: 9.403 GC heap before
{Heap before GC invocations=30 (full 0):
 garbage-first heap   total 220160K, used 176342K [0x0000000080000000, 0x0000000100000000)
  region size 1024K, 55 young (56320K), 8 survivors (8192K)
 Metaspace       used 101379K, capacity 104347K, committed 104668K, reserved 1140736K
  class space    used 13308K, capacity 14431K, committed 14540K, reserved 1048576K
}
Event: 9.416 GC heap after
{Heap after GC invocations=31 (full 0):
 garbage-first heap   total 220160K, used 137789K [0x0000000080000000, 0x0000000100000000)
  region size 1024K, 7 young (7168K), 7 survivors (7168K)
 Metaspace       used 101379K, capacity 104347K, committed 104668K, reserved 1140736K
  class space    used 13308K, capacity 14431K, committed 14540K, reserved 1048576K
}
Event: 9.522 GC heap before
{Heap before GC invocations=32 (full 0):
 garbage-first heap   total 220160K, used 178749K [0x0000000080000000, 0x0000000100000000)
  region size 1024K, 47 young (48128K), 7 survivors (7168K)
 Metaspace       used 103273K, capacity 106784K, committed 106844K, reserved 1140736K
  class space    used 13741K, capacity 15172K, committed 15180K, reserved 1048576K
}
Event: 9.533 GC heap after
{Heap after GC invocations=33 (full 0):
 garbage-first heap   total 276480K, used 144846K [0x0000000080000000, 0x0000000100000000)
  region size 1024K, 6 young (6144K), 6 survivors (6144K)
 Metaspace       used 103273K, capacity 106784K, committed 106844K, reserved 1140736K
  class space    used 13741K, capacity 15172K, committed 15180K, reserved 1048576K
}
Event: 9.609 GC heap before
{Heap before GC invocations=33 (full 0):
 garbage-first heap   total 276480K, used 204238K [0x0000000080000000, 0x0000000100000000)
  region size 1024K, 64 young (65536K), 6 survivors (6144K)
 Metaspace       used 104228K, capacity 107765K, committed 108124K, reserved 1142784K
  class space    used 13897K, capacity 15328K, committed 15436K, reserved 1048576K
}
Event: 9.623 GC heap after
{Heap after GC invocations=34 (full 0):
 garbage-first heap   total 276480K, used 155006K [0x0000000080000000, 0x0000000100000000)
  region size 1024K, 8 young (8192K), 8 survivors (8192K)
 Metaspace       used 104228K, capacity 107765K, committed 108124K, reserved 1142784K
  class space    used 13897K, capacity 15328K, committed 15436K, reserved 1048576K
}
Event: 9.796 GC heap before
{Heap before GC invocations=34 (full 0):
 garbage-first heap   total 276480K, used 210302K [0x0000000080000000, 0x0000000100000000)
  region size 1024K, 63 young (64512K), 8 survivors (8192K)
 Metaspace       used 105300K, capacity 108542K, committed 109404K, reserved 1142784K
  class space    used 14008K, capacity 15356K, committed 15692K, reserved 1048576K
}
Event: 9.810 GC heap after
{Heap after GC invocations=35 (full 0):
 garbage-first heap   total 276480K, used 164406K [0x0000000080000000, 0x0000000100000000)
  region size 1024K, 8 young (8192K), 8 survivors (8192K)
 Metaspace       used 105300K, capacity 108542K, committed 109404K, reserved 1142784K
  class space    used 14008K, capacity 15356K, committed 15692K, reserved 1048576K
}
Event: 9.994 GC heap before
{Heap before GC invocations=36 (full 0):
 garbage-first heap   total 276480K, used 217654K [0x0000000080000000, 0x0000000100000000)
  region size 1024K, 61 young (62464K), 8 survivors (8192K)
 Metaspace       used 107177K, capacity 110678K, committed 111196K, reserved 1144832K
  class space    used 14326K, capacity 15749K, committed 15948K, reserved 1048576K
}
Event: 10.006 GC heap after
{Heap after GC invocations=37 (full 0):
 garbage-first heap   total 276480K, used 170990K [0x0000000080000000, 0x0000000100000000)
  region size 1024K, 6 young (6144K), 6 survivors (6144K)
 Metaspace       used 107177K, capacity 110678K, committed 111196K, reserved 1144832K
  class space    used 14326K, capacity 15749K, committed 15948K, reserved 1048576K
}
Event: 10.029 GC heap before
{Heap before GC invocations=37 (full 0):
 garbage-first heap   total 276480K, used 178158K [0x0000000080000000, 0x0000000100000000)
  region size 1024K, 13 young (13312K), 6 survivors (6144K)
 Metaspace       used 107289K, capacity 110774K, committed 111196K, reserved 1144832K
  class space    used 14355K, capacity 15781K, committed 15948K, reserved 1048576K
}
Event: 10.038 GC heap after
{Heap after GC invocations=38 (full 0):
 garbage-first heap   total 380928K, used 171306K [0x0000000080000000, 0x0000000100000000)
  region size 1024K, 2 young (2048K), 2 survivors (2048K)
 Metaspace       used 107289K, capacity 110774K, committed 111196K, reserved 1144832K
  class space    used 14355K, capacity 15781K, committed 15948K, reserved 1048576K
}
Event: 10.409 GC heap before
{Heap before GC invocations=38 (full 0):
 garbage-first heap   total 380928K, used 256298K [0x0000000080000000, 0x0000000100000000)
  region size 1024K, 85 young (87040K), 2 survivors (2048K)
 Metaspace       used 108858K, capacity 112407K, committed 112604K, reserved 1146880K
  class space    used 14559K, capacity 16018K, committed 16076K, reserved 1048576K
}
Event: 10.417 GC heap after
{Heap after GC invocations=39 (full 0):
 garbage-first heap   total 380928K, used 174966K [0x0000000080000000, 0x0000000100000000)
  region size 1024K, 5 young (5120K), 5 survivors (5120K)
 Metaspace       used 108858K, capacity 112407K, committed 112604K, reserved 1146880K
  class space    used 14559K, capacity 16018K, committed 16076K, reserved 1048576K
}
Event: 10.668 GC heap before
{Heap before GC invocations=39 (full 0):
 garbage-first heap   total 380928K, used 269174K [0x0000000080000000, 0x0000000100000000)
  region size 1024K, 98 young (100352K), 5 survivors (5120K)
 Metaspace       used 109886K, capacity 113644K, committed 113884K, reserved 1146880K
  class space    used 14687K, capacity 16240K, committed 16332K, reserved 1048576K
}
Event: 10.674 GC heap after
{Heap after GC invocations=40 (full 0):
 garbage-first heap   total 380928K, used 175712K [0x0000000080000000, 0x0000000100000000)
  region size 1024K, 6 young (6144K), 6 survivors (6144K)
 Metaspace       used 109886K, capacity 113644K, committed 113884K, reserved 1146880K
  class space    used 14687K, capacity 16240K, committed 16332K, reserved 1048576K
}
Event: 10.874 GC heap before
{Heap before GC invocations=40 (full 0):
 garbage-first heap   total 380928K, used 277088K [0x0000000080000000, 0x0000000100000000)
  region size 1024K, 106 young (108544K), 6 survivors (6144K)
 Metaspace       used 109995K, capacity 113753K, committed 113884K, reserved 1146880K
  class space    used 14701K, capacity 16256K, committed 16332K, reserved 1048576K
}
Event: 10.884 GC heap after
{Heap after GC invocations=41 (full 0):
 garbage-first heap   total 380928K, used 185132K [0x0000000080000000, 0x0000000100000000)
  region size 1024K, 14 young (14336K), 14 survivors (14336K)
 Metaspace       used 109995K, capacity 113753K, committed 113884K, reserved 1146880K
  class space    used 14701K, capacity 16256K, committed 16332K, reserved 1048576K
}
Event: 11.216 GC heap before
{Heap before GC invocations=41 (full 0):
 garbage-first heap   total 380928K, used 292652K [0x0000000080000000, 0x0000000100000000)
  region size 1024K, 119 young (121856K), 14 survivors (14336K)
 Metaspace       used 110468K, capacity 114205K, committed 114396K, reserved 1146880K
  class space    used 14707K, capacity 16256K, committed 16332K, reserved 1048576K
}

