# JRE version: OpenJDK Runtime Environment (17.0.9) (build 17.0.9+0--11185874)
# Java VM: OpenJDK 64-Bit Server VM (17.0.9+0--11185874, mixed mode, tiered, compressed oops, compressed class ptrs, g1 gc, windows-amd64)
GC Precious Log:
 CPUs: 8 total, 8 available
 Memory: 7834M
 Large Page Support: Disabled
 NUMA Support: Disabled
 Compressed Oops: Enabled (32-bit)
 Heap Region Size: 1M
 Heap Min Capacity: 8M
 Heap Initial Capacity: 124M
 Heap Max Capacity: 2G
 Pre-touch: Disabled
 Parallel Workers: 8
 Concurrent Workers: 2
 Concurrent Refinement Workers: 8
 Periodic GC: Disabled
Heap:
 garbage-first heap   total 331776K, used 193536K [0x0000000080000000, 0x0000000100000000)
  region size 1024K, 5 young (5120K), 5 survivors (5120K)
 Metaspace       used 103794K, committed 104512K, reserved 1179648K
  class space    used 14143K, committed 14528K, reserved 1048576K
GC Heap History (20 events):
Event: 9.769 GC heap after
{Heap after GC invocations=40 (full 0):
 garbage-first heap   total 229376K, used 106111K [0x0000000080000000, 0x0000000100000000)
  region size 1024K, 8 young (8192K), 8 survivors (8192K)
 Metaspace       used 98951K, committed 99648K, reserved 1179648K
  class space    used 13453K, committed 13760K, reserved 1048576K
}
Event: 10.083 GC heap before
{Heap before GC invocations=40 (full 0):
 garbage-first heap   total 229376K, used 182911K [0x0000000080000000, 0x0000000100000000)
  region size 1024K, 84 young (86016K), 8 survivors (8192K)
 Metaspace       used 99245K, committed 99904K, reserved 1179648K
  class space    used 13467K, committed 13760K, reserved 1048576K
}
Event: 10.090 GC heap after
{Heap after GC invocations=41 (full 0):
 garbage-first heap   total 229376K, used 111354K [0x0000000080000000, 0x0000000100000000)
  region size 1024K, 11 young (11264K), 11 survivors (11264K)
 Metaspace       used 99245K, committed 99904K, reserved 1179648K
  class space    used 13467K, committed 13760K, reserved 1048576K
}
Event: 10.392 GC heap before
{Heap before GC invocations=41 (full 0):
 garbage-first heap   total 229376K, used 185082K [0x0000000080000000, 0x0000000100000000)
  region size 1024K, 84 young (86016K), 11 survivors (11264K)
 Metaspace       used 99498K, committed 100160K, reserved 1179648K
  class space    used 13496K, committed 13824K, reserved 1048576K
}
Event: 10.400 GC heap after
{Heap after GC invocations=42 (full 0):
 garbage-first heap   total 229376K, used 115152K [0x0000000080000000, 0x0000000100000000)
  region size 1024K, 10 young (10240K), 10 survivors (10240K)
 Metaspace       used 99498K, committed 100160K, reserved 1179648K
  class space    used 13496K, committed 13824K, reserved 1048576K
}
Event: 10.651 GC heap before
{Heap before GC invocations=42 (full 0):
 garbage-first heap   total 229376K, used 186832K [0x0000000080000000, 0x0000000100000000)
  region size 1024K, 81 young (82944K), 10 survivors (10240K)
 Metaspace       used 99972K, committed 100608K, reserved 1179648K
  class space    used 13585K, committed 13888K, reserved 1048576K
}
Event: 10.659 GC heap after
{Heap after GC invocations=43 (full 0):
 garbage-first heap   total 229376K, used 118979K [0x0000000080000000, 0x0000000100000000)
  region size 1024K, 8 young (8192K), 8 survivors (8192K)
 Metaspace       used 99972K, committed 100608K, reserved 1179648K
  class space    used 13585K, committed 13888K, reserved 1048576K
}
Event: 10.761 GC heap before
{Heap before GC invocations=43 (full 0):
 garbage-first heap   total 229376K, used 149699K [0x0000000080000000, 0x0000000100000000)
  region size 1024K, 29 young (29696K), 8 survivors (8192K)
 Metaspace       used 100186K, committed 100928K, reserved 1179648K
  class space    used 13611K, committed 13952K, reserved 1048576K
}
Event: 10.765 GC heap after
{Heap after GC invocations=44 (full 0):
 garbage-first heap   total 275456K, used 130174K [0x0000000080000000, 0x0000000100000000)
  region size 1024K, 5 young (5120K), 5 survivors (5120K)
 Metaspace       used 100186K, committed 100928K, reserved 1179648K
  class space    used 13611K, committed 13952K, reserved 1048576K
}
Event: 11.025 GC heap before
{Heap before GC invocations=44 (full 0):
 garbage-first heap   total 275456K, used 173182K [0x0000000080000000, 0x0000000100000000)
  region size 1024K, 33 young (33792K), 5 survivors (5120K)
 Metaspace       used 103510K, committed 104256K, reserved 1179648K
  class space    used 14096K, committed 14464K, reserved 1048576K
}
Event: 11.029 GC heap after
{Heap after GC invocations=45 (full 0):
 garbage-first heap   total 275456K, used 149502K [0x0000000080000000, 0x0000000100000000)
  region size 1024K, 8 young (8192K), 8 survivors (8192K)
 Metaspace       used 103510K, committed 104256K, reserved 1179648K
  class space    used 14096K, committed 14464K, reserved 1048576K
}
Event: 11.031 GC heap before
{Heap before GC invocations=45 (full 0):
 garbage-first heap   total 275456K, used 163838K [0x0000000080000000, 0x0000000100000000)
  region size 1024K, 8 young (8192K), 8 survivors (8192K)
 Metaspace       used 103510K, committed 104256K, reserved 1179648K
  class space    used 14096K, committed 14464K, reserved 1048576K
}
Event: 11.034 GC heap after
{Heap after GC invocations=46 (full 0):
 garbage-first heap   total 275456K, used 163547K [0x0000000080000000, 0x0000000100000000)
  region size 1024K, 4 young (4096K), 4 survivors (4096K)
 Metaspace       used 103510K, committed 104256K, reserved 1179648K
  class space    used 14096K, committed 14464K, reserved 1048576K
}
Event: 11.038 GC heap before
{Heap before GC invocations=46 (full 0):
 garbage-first heap   total 275456K, used 173787K [0x0000000080000000, 0x0000000100000000)
  region size 1024K, 5 young (5120K), 4 survivors (4096K)
 Metaspace       used 103512K, committed 104256K, reserved 1179648K
  class space    used 14096K, committed 14464K, reserved 1048576K
}
Event: 11.040 GC heap after
{Heap after GC invocations=47 (full 0):
 garbage-first heap   total 275456K, used 153919K [0x0000000080000000, 0x0000000100000000)
  region size 1024K, 5 young (5120K), 5 survivors (5120K)
 Metaspace       used 103512K, committed 104256K, reserved 1179648K
  class space    used 14096K, committed 14464K, reserved 1048576K
}
Event: 11.310 GC heap before
{Heap before GC invocations=48 (full 0):
 garbage-first heap   total 331776K, used 239935K [0x0000000080000000, 0x0000000100000000)
  region size 1024K, 50 young (51200K), 5 survivors (5120K)
 Metaspace       used 103794K, committed 104512K, reserved 1179648K
  class space    used 14143K, committed 14528K, reserved 1048576K
}
Event: 11.326 GC heap after
{Heap after GC invocations=49 (full 0):
 garbage-first heap   total 331776K, used 185360K [0x0000000080000000, 0x0000000100000000)
  region size 1024K, 7 young (7168K), 7 survivors (7168K)
 Metaspace       used 103794K, committed 104512K, reserved 1179648K
  class space    used 14143K, committed 14528K, reserved 1048576K
}
Event: 11.376 GC heap before
{Heap before GC invocations=49 (full 0):
 garbage-first heap   total 331776K, used 196624K [0x0000000080000000, 0x0000000100000000)
  region size 1024K, 16 young (16384K), 7 survivors (7168K)
 Metaspace       used 103794K, committed 104512K, reserved 1179648K
  class space    used 14143K, committed 14528K, reserved 1048576K
}
Event: 11.387 GC heap after
{Heap after GC invocations=50 (full 0):
 garbage-first heap   total 331776K, used 191418K [0x0000000080000000, 0x0000000100000000)
  region size 1024K, 2 young (2048K), 2 survivors (2048K)
 Metaspace       used 103794K, committed 104512K, reserved 1179648K
  class space    used 14143K, committed 14528K, reserved 1048576K
}
Event: 11.410 GC heap before
{Heap before GC invocations=50 (full 0):
 garbage-first heap   total 331776K, used 195514K [0x0000000080000000, 0x0000000100000000)
  region size 1024K, 7 young (7168K), 2 survivors (2048K)
 Metaspace       used 103794K, committed 104512K, reserved 1179648K
  class space    used 14143K, committed 14528K, reserved 1048576K
}

