# JRE version: OpenJDK Runtime Environment (11.0.15) (build 11.0.15+0-b2043.56-9505619)
# Java VM: OpenJDK 64-Bit Server VM (11.0.15+0-b2043.56-9505619, mixed mode, tiered, compressed oops, g1 gc, windows-amd64)
Heap:
 garbage-first heap   total 171008K, used 28530K [0x0000000085800000, 0x0000000100000000)
  region size 1024K, 9 young (9216K), 6 survivors (6144K)
 Metaspace       used 45811K, capacity 46342K, committed 46620K, reserved 1089536K
  class space    used 5377K, capacity 5601K, committed 5756K, reserved 1048576K
GC Heap History (10 events):
Event: 0.536 GC heap before
{Heap before GC invocations=0 (full 0):
 garbage-first heap   total 126976K, used 28672K [0x0000000085800000, 0x0000000100000000)
  region size 1024K, 24 young (24576K), 0 survivors (0K)
 Metaspace       used 12142K, capacity 12280K, committed 12544K, reserved 1060864K
  class space    used 1120K, capacity 1175K, committed 1280K, reserved 1048576K
}
Event: 0.539 GC heap after
{Heap after GC invocations=1 (full 0):
 garbage-first heap   total 126976K, used 6690K [0x0000000085800000, 0x0000000100000000)
  region size 1024K, 3 young (3072K), 3 survivors (3072K)
 Metaspace       used 12142K, capacity 12280K, committed 12544K, reserved 1060864K
  class space    used 1120K, capacity 1175K, committed 1280K, reserved 1048576K
}
Event: 1.093 GC heap before
{Heap before GC invocations=1 (full 0):
 garbage-first heap   total 126976K, used 45602K [0x0000000085800000, 0x0000000100000000)
  region size 1024K, 42 young (43008K), 3 survivors (3072K)
 Metaspace       used 21047K, capacity 21200K, committed 21296K, reserved 1069056K
  class space    used 2227K, capacity 2308K, committed 2352K, reserved 1048576K
}
Event: 1.110 GC heap after
{Heap after GC invocations=2 (full 0):
 garbage-first heap   total 126976K, used 10566K [0x0000000085800000, 0x0000000100000000)
  region size 1024K, 7 young (7168K), 7 survivors (7168K)
 Metaspace       used 21047K, capacity 21200K, committed 21296K, reserved 1069056K
  class space    used 2227K, capacity 2308K, committed 2352K, reserved 1048576K
}
Event: 1.965 GC heap before
{Heap before GC invocations=3 (full 0):
 garbage-first heap   total 126976K, used 68934K [0x0000000085800000, 0x0000000100000000)
  region size 1024K, 58 young (59392K), 7 survivors (7168K)
 Metaspace       used 33251K, capacity 33668K, committed 33840K, reserved 1079296K
  class space    used 4119K, capacity 4305K, committed 4400K, reserved 1048576K
}
Event: 1.985 GC heap after
{Heap after GC invocations=4 (full 0):
 garbage-first heap   total 126976K, used 22936K [0x0000000085800000, 0x0000000100000000)
  region size 1024K, 8 young (8192K), 8 survivors (8192K)
 Metaspace       used 33251K, capacity 33668K, committed 33840K, reserved 1079296K
  class space    used 4119K, capacity 4305K, committed 4400K, reserved 1048576K
}
Event: 2.155 GC heap before
{Heap before GC invocations=4 (full 0):
 garbage-first heap   total 126976K, used 35224K [0x0000000085800000, 0x0000000100000000)
  region size 1024K, 21 young (21504K), 8 survivors (8192K)
 Metaspace       used 35447K, capacity 35855K, committed 35920K, reserved 1081344K
  class space    used 4337K, capacity 4501K, committed 4528K, reserved 1048576K
}
Event: 2.174 GC heap after
{Heap after GC invocations=5 (full 0):
 garbage-first heap   total 126976K, used 23365K [0x0000000085800000, 0x0000000100000000)
  region size 1024K, 3 young (3072K), 3 survivors (3072K)
 Metaspace       used 35447K, capacity 35855K, committed 35920K, reserved 1081344K
  class space    used 4337K, capacity 4501K, committed 4528K, reserved 1048576K
}
Event: 2.811 GC heap before
{Heap before GC invocations=6 (full 0):
 garbage-first heap   total 126976K, used 67397K [0x0000000085800000, 0x0000000100000000)
  region size 1024K, 46 young (47104K), 3 survivors (3072K)
 Metaspace       used 45192K, capacity 45722K, committed 45980K, reserved 1089536K
  class space    used 5286K, capacity 5501K, committed 5628K, reserved 1048576K
}
Event: 2.820 GC heap after
{Heap after GC invocations=7 (full 0):
 garbage-first heap   total 171008K, used 26482K [0x0000000085800000, 0x0000000100000000)
  region size 1024K, 6 young (6144K), 6 survivors (6144K)
 Metaspace       used 45192K, capacity 45722K, committed 45980K, reserved 1089536K
  class space    used 5286K, capacity 5501K, committed 5628K, reserved 1048576K
}

