# JRE version: OpenJDK Runtime Environment (17.0.9) (build 17.0.9+0--11185874)
# Java VM: OpenJDK 64-Bit Server VM (17.0.9+0--11185874, mixed mode, tiered, compressed oops, compressed class ptrs, g1 gc, windows-amd64)
GC Precious Log:
 CPUs: 8 total, 8 available
 Memory: 7834M
 Large Page Support: Disabled
 NUMA Support: Disabled
 Compressed Oops: Enabled (32-bit)
 Heap Region Size: 1M
 Heap Min Capacity: 8M
 Heap Initial Capacity: 124M
 Heap Max Capacity: 2G
 Pre-touch: Disabled
 Parallel Workers: 8
 Concurrent Workers: 2
 Concurrent Refinement Workers: 8
 Periodic GC: Disabled
Heap:
 garbage-first heap   total 226304K, used 178043K [0x0000000080000000, 0x0000000100000000)
  region size 1024K, 4 young (4096K), 4 survivors (4096K)
 Metaspace       used 103707K, committed 104448K, reserved 1179648K
  class space    used 14124K, committed 14464K, reserved 1048576K
GC Heap History (20 events):
Event: 8.295 GC heap after
{Heap after GC invocations=35 (full 0):
 garbage-first heap   total 171008K, used 98873K [0x0000000080000000, 0x0000000100000000)
  region size 1024K, 6 young (6144K), 6 survivors (6144K)
 Metaspace       used 98006K, committed 98624K, reserved 1179648K
  class space    used 13392K, committed 13696K, reserved 1048576K
}
Event: 8.484 GC heap before
{Heap before GC invocations=35 (full 0):
 garbage-first heap   total 171008K, used 138809K [0x0000000080000000, 0x0000000100000000)
  region size 1024K, 46 young (47104K), 6 survivors (6144K)
 Metaspace       used 98251K, committed 98880K, reserved 1179648K
  class space    used 13393K, committed 13696K, reserved 1048576K
}
Event: 8.489 GC heap after
{Heap after GC invocations=36 (full 0):
 garbage-first heap   total 171008K, used 101697K [0x0000000080000000, 0x0000000100000000)
  region size 1024K, 3 young (3072K), 3 survivors (3072K)
 Metaspace       used 98251K, committed 98880K, reserved 1179648K
  class space    used 13393K, committed 13696K, reserved 1048576K
}
Event: 8.739 GC heap before
{Heap before GC invocations=37 (full 0):
 garbage-first heap   total 188416K, used 140609K [0x0000000080000000, 0x0000000100000000)
  region size 1024K, 42 young (43008K), 3 survivors (3072K)
 Metaspace       used 98607K, committed 99200K, reserved 1179648K
  class space    used 13417K, committed 13696K, reserved 1048576K
}
Event: 8.742 GC heap after
{Heap after GC invocations=38 (full 0):
 garbage-first heap   total 188416K, used 104338K [0x0000000080000000, 0x0000000100000000)
  region size 1024K, 6 young (6144K), 6 survivors (6144K)
 Metaspace       used 98607K, committed 99200K, reserved 1179648K
  class space    used 13417K, committed 13696K, reserved 1048576K
}
Event: 8.753 GC heap before
{Heap before GC invocations=38 (full 0):
 garbage-first heap   total 188416K, used 107410K [0x0000000080000000, 0x0000000100000000)
  region size 1024K, 9 young (9216K), 6 survivors (6144K)
 Metaspace       used 98626K, committed 99264K, reserved 1179648K
  class space    used 13417K, committed 13696K, reserved 1048576K
}
Event: 8.757 GC heap after
{Heap after GC invocations=39 (full 0):
 garbage-first heap   total 226304K, used 104732K [0x0000000080000000, 0x0000000100000000)
  region size 1024K, 1 young (1024K), 1 survivors (1024K)
 Metaspace       used 98626K, committed 99264K, reserved 1179648K
  class space    used 13417K, committed 13696K, reserved 1048576K
}
Event: 9.073 GC heap before
{Heap before GC invocations=39 (full 0):
 garbage-first heap   total 226304K, used 182556K [0x0000000080000000, 0x0000000100000000)
  region size 1024K, 78 young (79872K), 1 survivors (1024K)
 Metaspace       used 99064K, committed 99712K, reserved 1179648K
  class space    used 13444K, committed 13760K, reserved 1048576K
}
Event: 9.077 GC heap after
{Heap after GC invocations=40 (full 0):
 garbage-first heap   total 226304K, used 108875K [0x0000000080000000, 0x0000000100000000)
  region size 1024K, 5 young (5120K), 5 survivors (5120K)
 Metaspace       used 99064K, committed 99712K, reserved 1179648K
  class space    used 13444K, committed 13760K, reserved 1048576K
}
Event: 9.419 GC heap before
{Heap before GC invocations=41 (full 0):
 garbage-first heap   total 226304K, used 183627K [0x0000000080000000, 0x0000000100000000)
  region size 1024K, 79 young (80896K), 5 survivors (5120K)
 Metaspace       used 99344K, committed 100032K, reserved 1179648K
  class space    used 13476K, committed 13760K, reserved 1048576K
}
Event: 9.425 GC heap after
{Heap after GC invocations=42 (full 0):
 garbage-first heap   total 226304K, used 113511K [0x0000000080000000, 0x0000000100000000)
  region size 1024K, 10 young (10240K), 10 survivors (10240K)
 Metaspace       used 99344K, committed 100032K, reserved 1179648K
  class space    used 13476K, committed 13760K, reserved 1048576K
}
Event: 9.439 GC heap before
{Heap before GC invocations=42 (full 0):
 garbage-first heap   total 226304K, used 113511K [0x0000000080000000, 0x0000000100000000)
  region size 1024K, 11 young (11264K), 10 survivors (10240K)
 Metaspace       used 99359K, committed 100032K, reserved 1179648K
  class space    used 13477K, committed 13760K, reserved 1048576K
}
Event: 9.445 GC heap after
{Heap after GC invocations=43 (full 0):
 garbage-first heap   total 226304K, used 113756K [0x0000000080000000, 0x0000000100000000)
  region size 1024K, 2 young (2048K), 2 survivors (2048K)
 Metaspace       used 99359K, committed 100032K, reserved 1179648K
  class space    used 13477K, committed 13760K, reserved 1048576K
}
Event: 9.641 GC heap before
{Heap before GC invocations=43 (full 0):
 garbage-first heap   total 226304K, used 184412K [0x0000000080000000, 0x0000000100000000)
  region size 1024K, 72 young (73728K), 2 survivors (2048K)
 Metaspace       used 99414K, committed 100096K, reserved 1179648K
  class space    used 13481K, committed 13760K, reserved 1048576K
}
Event: 9.645 GC heap after
{Heap after GC invocations=44 (full 0):
 garbage-first heap   total 226304K, used 116400K [0x0000000080000000, 0x0000000100000000)
  region size 1024K, 4 young (4096K), 4 survivors (4096K)
 Metaspace       used 99414K, committed 100096K, reserved 1179648K
  class space    used 13481K, committed 13760K, reserved 1048576K
}
Event: 10.082 GC heap before
{Heap before GC invocations=45 (full 0):
 garbage-first heap   total 226304K, used 212656K [0x0000000080000000, 0x0000000100000000)
  region size 1024K, 74 young (75776K), 4 survivors (4096K)
 Metaspace       used 103413K, committed 104192K, reserved 1179648K
  class space    used 14081K, committed 14464K, reserved 1048576K
}
Event: 10.087 GC heap after
{Heap after GC invocations=46 (full 0):
 garbage-first heap   total 226304K, used 148063K [0x0000000080000000, 0x0000000100000000)
  region size 1024K, 9 young (9216K), 9 survivors (9216K)
 Metaspace       used 103413K, committed 104192K, reserved 1179648K
  class space    used 14081K, committed 14464K, reserved 1048576K
}
Event: 10.102 GC heap before
{Heap before GC invocations=46 (full 0):
 garbage-first heap   total 226304K, used 204383K [0x0000000080000000, 0x0000000100000000)
  region size 1024K, 11 young (11264K), 9 survivors (9216K)
 Metaspace       used 103415K, committed 104192K, reserved 1179648K
  class space    used 14081K, committed 14464K, reserved 1048576K
}
Event: 10.109 GC heap after
{Heap after GC invocations=47 (full 0):
 garbage-first heap   total 226304K, used 162330K [0x0000000080000000, 0x0000000100000000)
  region size 1024K, 2 young (2048K), 2 survivors (2048K)
 Metaspace       used 103415K, committed 104192K, reserved 1179648K
  class space    used 14081K, committed 14464K, reserved 1048576K
}
Event: 10.264 GC heap before
{Heap before GC invocations=47 (full 0):
 garbage-first heap   total 226304K, used 201242K [0x0000000080000000, 0x0000000100000000)
  region size 1024K, 32 young (32768K), 2 survivors (2048K)
 Metaspace       used 103707K, committed 104448K, reserved 1179648K
  class space    used 14124K, committed 14464K, reserved 1048576K
}

