# JRE version: OpenJDK Runtime Environment (11.0.15) (build 11.0.15+0-b2043.56-9505619)
# Java VM: OpenJDK 64-Bit Server VM (11.0.15+0-b2043.56-9505619, mixed mode, tiered, compressed oops, g1 gc, windows-amd64)
Heap:
 garbage-first heap   total 560128K, used 233951K [0x0000000080000000, 0x0000000100000000)
  region size 1024K, 2 young (2048K), 2 survivors (2048K)
 Metaspace       used 143048K, capacity 147434K, committed 151848K, reserved 1179648K
  class space    used 18398K, capacity 20082K, committed 21784K, reserved 1048576K
GC Heap History (20 events):
Event: 50.787 GC heap after
{Heap after GC invocations=63 (full 0):
 garbage-first heap   total 265216K, used 219420K [0x0000000080000000, 0x0000000100000000)
  region size 1024K, 2 young (2048K), 2 survivors (2048K)
 Metaspace       used 145020K, capacity 150612K, committed 151592K, reserved 1179648K
  class space    used 19177K, capacity 21489K, committed 21784K, reserved 1048576K
}
Event: 50.852 GC heap before
{Heap before GC invocations=63 (full 0):
 garbage-first heap   total 265216K, used 231708K [0x0000000080000000, 0x0000000100000000)
  region size 1024K, 12 young (12288K), 2 survivors (2048K)
 Metaspace       used 145021K, capacity 150612K, committed 151592K, reserved 1179648K
  class space    used 19177K, capacity 21489K, committed 21784K, reserved 1048576K
}
Event: 50.858 GC heap after
{Heap after GC invocations=64 (full 0):
 garbage-first heap   total 265216K, used 227328K [0x0000000080000000, 0x0000000100000000)
  region size 1024K, 2 young (2048K), 2 survivors (2048K)
 Metaspace       used 145021K, capacity 150612K, committed 151592K, reserved 1179648K
  class space    used 19177K, capacity 21489K, committed 21784K, reserved 1048576K
}
Event: 50.897 GC heap before
{Heap before GC invocations=64 (full 0):
 garbage-first heap   total 265216K, used 237568K [0x0000000080000000, 0x0000000100000000)
  region size 1024K, 12 young (12288K), 2 survivors (2048K)
 Metaspace       used 145021K, capacity 150612K, committed 151592K, reserved 1179648K
  class space    used 19177K, capacity 21489K, committed 21784K, reserved 1048576K
}
Event: 50.902 GC heap after
{Heap after GC invocations=65 (full 0):
 garbage-first heap   total 265216K, used 233155K [0x0000000080000000, 0x0000000100000000)
  region size 1024K, 2 young (2048K), 2 survivors (2048K)
 Metaspace       used 145021K, capacity 150612K, committed 151592K, reserved 1179648K
  class space    used 19177K, capacity 21489K, committed 21784K, reserved 1048576K
}
Event: 50.945 GC heap before
{Heap before GC invocations=65 (full 0):
 garbage-first heap   total 265216K, used 243395K [0x0000000080000000, 0x0000000100000000)
  region size 1024K, 12 young (12288K), 2 survivors (2048K)
 Metaspace       used 145022K, capacity 150612K, committed 151592K, reserved 1179648K
  class space    used 19177K, capacity 21489K, committed 21784K, reserved 1048576K
}
Event: 50.951 GC heap after
{Heap after GC invocations=66 (full 0):
 garbage-first heap   total 265216K, used 238999K [0x0000000080000000, 0x0000000100000000)
  region size 1024K, 2 young (2048K), 2 survivors (2048K)
 Metaspace       used 145022K, capacity 150612K, committed 151592K, reserved 1179648K
  class space    used 19177K, capacity 21489K, committed 21784K, reserved 1048576K
}
Event: 51.047 GC heap before
{Heap before GC invocations=66 (full 0):
 garbage-first heap   total 265216K, used 246167K [0x0000000080000000, 0x0000000100000000)
  region size 1024K, 12 young (12288K), 2 survivors (2048K)
 Metaspace       used 142880K, capacity 147228K, committed 151592K, reserved 1179648K
  class space    used 18402K, capacity 20089K, committed 21784K, reserved 1048576K
}
Event: 51.053 GC heap after
{Heap after GC invocations=67 (full 0):
 garbage-first heap   total 265216K, used 239172K [0x0000000080000000, 0x0000000100000000)
  region size 1024K, 2 young (2048K), 2 survivors (2048K)
 Metaspace       used 142880K, capacity 147228K, committed 151592K, reserved 1179648K
  class space    used 18402K, capacity 20089K, committed 21784K, reserved 1048576K
}
Event: 51.112 GC heap before
{Heap before GC invocations=67 (full 0):
 garbage-first heap   total 265216K, used 249412K [0x0000000080000000, 0x0000000100000000)
  region size 1024K, 12 young (12288K), 2 survivors (2048K)
 Metaspace       used 142937K, capacity 147310K, committed 151592K, reserved 1179648K
  class space    used 18403K, capacity 20090K, committed 21784K, reserved 1048576K
}
Event: 51.117 GC heap after
{Heap after GC invocations=68 (full 0):
 garbage-first heap   total 265216K, used 239465K [0x0000000080000000, 0x0000000100000000)
  region size 1024K, 1 young (1024K), 1 survivors (1024K)
 Metaspace       used 142937K, capacity 147310K, committed 151592K, reserved 1179648K
  class space    used 18403K, capacity 20090K, committed 21784K, reserved 1048576K
}
Event: 51.174 GC heap before
{Heap before GC invocations=69 (full 0):
 garbage-first heap   total 265216K, used 249705K [0x0000000080000000, 0x0000000100000000)
  region size 1024K, 12 young (12288K), 1 survivors (1024K)
 Metaspace       used 142937K, capacity 147310K, committed 151592K, reserved 1179648K
  class space    used 18403K, capacity 20090K, committed 21784K, reserved 1048576K
}
Event: 51.179 GC heap after
{Heap after GC invocations=70 (full 0):
 garbage-first heap   total 320512K, used 240985K [0x0000000080000000, 0x0000000100000000)
  region size 1024K, 2 young (2048K), 2 survivors (2048K)
 Metaspace       used 142937K, capacity 147310K, committed 151592K, reserved 1179648K
  class space    used 18403K, capacity 20090K, committed 21784K, reserved 1048576K
}
Event: 51.292 GC heap before
{Heap before GC invocations=70 (full 0):
 garbage-first heap   total 320512K, used 254297K [0x0000000080000000, 0x0000000100000000)
  region size 1024K, 15 young (15360K), 2 survivors (2048K)
 Metaspace       used 142953K, capacity 147312K, committed 151592K, reserved 1179648K
  class space    used 18403K, capacity 20090K, committed 21784K, reserved 1048576K
}
Event: 51.303 GC heap after
{Heap after GC invocations=71 (full 0):
 garbage-first heap   total 320512K, used 235639K [0x0000000080000000, 0x0000000100000000)
  region size 1024K, 2 young (2048K), 2 survivors (2048K)
 Metaspace       used 142953K, capacity 147312K, committed 151592K, reserved 1179648K
  class space    used 18403K, capacity 20090K, committed 21784K, reserved 1048576K
}
Event: 51.396 GC heap before
{Heap before GC invocations=71 (full 0):
 garbage-first heap   total 320512K, used 257143K [0x0000000080000000, 0x0000000100000000)
  region size 1024K, 24 young (24576K), 2 survivors (2048K)
 Metaspace       used 143040K, capacity 147394K, committed 151848K, reserved 1179648K
  class space    used 18403K, capacity 20090K, committed 21784K, reserved 1048576K
}
Event: 51.401 GC heap after
{Heap after GC invocations=72 (full 0):
 garbage-first heap   total 320512K, used 237891K [0x0000000080000000, 0x0000000100000000)
  region size 1024K, 2 young (2048K), 2 survivors (2048K)
 Metaspace       used 143040K, capacity 147394K, committed 151848K, reserved 1179648K
  class space    used 18403K, capacity 20090K, committed 21784K, reserved 1048576K
}
Event: 51.456 GC heap before
{Heap before GC invocations=72 (full 0):
 garbage-first heap   total 320512K, used 247107K [0x0000000080000000, 0x0000000100000000)
  region size 1024K, 13 young (13312K), 2 survivors (2048K)
 Metaspace       used 143051K, capacity 147394K, committed 151848K, reserved 1179648K
  class space    used 18403K, capacity 20090K, committed 21784K, reserved 1048576K
}
Event: 51.461 GC heap after
{Heap after GC invocations=73 (full 0):
 garbage-first heap   total 320512K, used 238567K [0x0000000080000000, 0x0000000100000000)
  region size 1024K, 3 young (3072K), 3 survivors (3072K)
 Metaspace       used 143051K, capacity 147394K, committed 151848K, reserved 1179648K
  class space    used 18403K, capacity 20090K, committed 21784K, reserved 1048576K
}
Event: 51.748 GC heap before
{Heap before GC invocations=73 (full 0):
 garbage-first heap   total 320512K, used 256999K [0x0000000080000000, 0x0000000100000000)
  region size 1024K, 26 young (26624K), 3 survivors (3072K)
 Metaspace       used 143048K, capacity 147434K, committed 151848K, reserved 1179648K
  class space    used 18398K, capacity 20082K, committed 21784K, reserved 1048576K
}

