# JRE version: OpenJDK Runtime Environment (11.0.15) (build 11.0.15+0-b2043.56-9505619)
# Java VM: OpenJDK 64-Bit Server VM (11.0.15+0-b2043.56-9505619, mixed mode, tiered, compressed oops, g1 gc, windows-amd64)
Heap:
 garbage-first heap   total 335872K, used 258745K [0x0000000080000000, 0x0000000100000000)
  region size 1024K, 119 young (121856K), 15 survivors (15360K)
 Metaspace       used 120680K, capacity 124137K, committed 124284K, reserved 1157120K
  class space    used 15137K, capacity 16368K, committed 16408K, reserved 1048576K
GC Heap History (20 events):
Event: 16.598 GC heap before
{Heap before GC invocations=43 (full 0):
 garbage-first heap   total 220160K, used 182342K [0x0000000080000000, 0x0000000100000000)
  region size 1024K, 36 young (36864K), 5 survivors (5120K)
 Metaspace       used 103458K, capacity 106139K, committed 106364K, reserved 1140736K
  class space    used 13274K, capacity 14334K, committed 14360K, reserved 1048576K
}
Event: 16.606 GC heap after
{Heap after GC invocations=44 (full 0):
 garbage-first heap   total 220160K, used 136912K [0x0000000080000000, 0x0000000100000000)
  region size 1024K, 3 young (3072K), 3 survivors (3072K)
 Metaspace       used 103458K, capacity 106139K, committed 106364K, reserved 1140736K
  class space    used 13274K, capacity 14334K, committed 14360K, reserved 1048576K
}
Event: 16.770 GC heap before
{Heap before GC invocations=44 (full 0):
 garbage-first heap   total 220160K, used 168656K [0x0000000080000000, 0x0000000100000000)
  region size 1024K, 35 young (35840K), 3 survivors (3072K)
 Metaspace       used 104217K, capacity 106969K, committed 107260K, reserved 1142784K
  class space    used 13357K, capacity 14414K, committed 14488K, reserved 1048576K
}
Event: 16.777 GC heap after
{Heap after GC invocations=45 (full 0):
 garbage-first heap   total 220160K, used 140848K [0x0000000080000000, 0x0000000100000000)
  region size 1024K, 4 young (4096K), 4 survivors (4096K)
 Metaspace       used 104217K, capacity 106969K, committed 107260K, reserved 1142784K
  class space    used 13357K, capacity 14414K, committed 14488K, reserved 1048576K
}
Event: 17.004 GC heap before
{Heap before GC invocations=46 (full 0):
 garbage-first heap   total 220160K, used 167472K [0x0000000080000000, 0x0000000100000000)
  region size 1024K, 36 young (36864K), 4 survivors (4096K)
 Metaspace       used 105511K, capacity 108298K, committed 108412K, reserved 1142784K
  class space    used 13459K, capacity 14543K, committed 14616K, reserved 1048576K
}
Event: 17.010 GC heap after
{Heap after GC invocations=47 (full 0):
 garbage-first heap   total 220160K, used 139385K [0x0000000080000000, 0x0000000100000000)
  region size 1024K, 4 young (4096K), 4 survivors (4096K)
 Metaspace       used 105511K, capacity 108298K, committed 108412K, reserved 1142784K
  class space    used 13459K, capacity 14543K, committed 14616K, reserved 1048576K
}
Event: 17.035 GC heap before
{Heap before GC invocations=47 (full 0):
 garbage-first heap   total 220160K, used 144505K [0x0000000080000000, 0x0000000100000000)
  region size 1024K, 10 young (10240K), 4 survivors (4096K)
 Metaspace       used 105615K, capacity 108430K, committed 108668K, reserved 1142784K
  class space    used 13459K, capacity 14543K, committed 14616K, reserved 1048576K
}
Event: 17.041 GC heap after
{Heap after GC invocations=48 (full 0):
 garbage-first heap   total 279552K, used 118530K [0x0000000080000000, 0x0000000100000000)
  region size 1024K, 2 young (2048K), 2 survivors (2048K)
 Metaspace       used 105615K, capacity 108430K, committed 108668K, reserved 1142784K
  class space    used 13459K, capacity 14543K, committed 14616K, reserved 1048576K
}
Event: 17.386 GC heap before
{Heap before GC invocations=48 (full 0):
 garbage-first heap   total 279552K, used 179970K [0x0000000080000000, 0x0000000100000000)
  region size 1024K, 63 young (64512K), 2 survivors (2048K)
 Metaspace       used 106883K, capacity 109687K, committed 110076K, reserved 1144832K
  class space    used 13542K, capacity 14608K, committed 14744K, reserved 1048576K
}
Event: 17.392 GC heap after
{Heap after GC invocations=49 (full 0):
 garbage-first heap   total 279552K, used 128665K [0x0000000080000000, 0x0000000100000000)
  region size 1024K, 8 young (8192K), 8 survivors (8192K)
 Metaspace       used 106883K, capacity 109687K, committed 110076K, reserved 1144832K
  class space    used 13542K, capacity 14608K, committed 14744K, reserved 1048576K
}
Event: 17.856 GC heap before
{Heap before GC invocations=49 (full 0):
 garbage-first heap   total 279552K, used 190105K [0x0000000080000000, 0x0000000100000000)
  region size 1024K, 69 young (70656K), 8 survivors (8192K)
 Metaspace       used 108219K, capacity 111030K, committed 111228K, reserved 1146880K
  class space    used 13695K, capacity 14765K, committed 14872K, reserved 1048576K
}
Event: 17.863 GC heap after
{Heap after GC invocations=50 (full 0):
 garbage-first heap   total 279552K, used 135736K [0x0000000080000000, 0x0000000100000000)
  region size 1024K, 9 young (9216K), 9 survivors (9216K)
 Metaspace       used 108219K, capacity 111030K, committed 111228K, reserved 1146880K
  class space    used 13695K, capacity 14765K, committed 14872K, reserved 1048576K
}
Event: 18.118 GC heap before
{Heap before GC invocations=50 (full 0):
 garbage-first heap   total 279552K, used 197176K [0x0000000080000000, 0x0000000100000000)
  region size 1024K, 70 young (71680K), 9 survivors (9216K)
 Metaspace       used 109341K, capacity 112226K, committed 112380K, reserved 1146880K
  class space    used 13837K, capacity 14938K, committed 15000K, reserved 1048576K
}
Event: 18.124 GC heap after
{Heap after GC invocations=51 (full 0):
 garbage-first heap   total 279552K, used 139074K [0x0000000080000000, 0x0000000100000000)
  region size 1024K, 6 young (6144K), 6 survivors (6144K)
 Metaspace       used 109341K, capacity 112226K, committed 112380K, reserved 1146880K
  class space    used 13837K, capacity 14938K, committed 15000K, reserved 1048576K
}
Event: 21.151 GC heap before
{Heap before GC invocations=51 (full 0):
 garbage-first heap   total 279552K, used 202562K [0x0000000080000000, 0x0000000100000000)
  region size 1024K, 69 young (70656K), 6 survivors (6144K)
 Metaspace       used 112620K, capacity 115507K, committed 115836K, reserved 1150976K
  class space    used 14233K, capacity 15307K, committed 15384K, reserved 1048576K
}
Event: 21.164 GC heap after
{Heap after GC invocations=52 (full 0):
 garbage-first heap   total 335872K, used 144903K [0x0000000080000000, 0x0000000100000000)
  region size 1024K, 7 young (7168K), 7 survivors (7168K)
 Metaspace       used 112620K, capacity 115507K, committed 115836K, reserved 1150976K
  class space    used 14233K, capacity 15307K, committed 15384K, reserved 1048576K
}
Event: 23.055 GC heap before
{Heap before GC invocations=52 (full 0):
 garbage-first heap   total 335872K, used 232967K [0x0000000080000000, 0x0000000100000000)
  region size 1024K, 94 young (96256K), 7 survivors (7168K)
 Metaspace       used 117023K, capacity 120041K, committed 120316K, reserved 1153024K
  class space    used 14763K, capacity 15915K, committed 16024K, reserved 1048576K
}
Event: 23.061 GC heap after
{Heap after GC invocations=53 (full 0):
 garbage-first heap   total 335872K, used 146113K [0x0000000080000000, 0x0000000100000000)
  region size 1024K, 8 young (8192K), 8 survivors (8192K)
 Metaspace       used 117023K, capacity 120041K, committed 120316K, reserved 1153024K
  class space    used 14763K, capacity 15915K, committed 16024K, reserved 1048576K
}
Event: 33.325 GC heap before
{Heap before GC invocations=53 (full 0):
 garbage-first heap   total 335872K, used 254657K [0x0000000080000000, 0x0000000100000000)
  region size 1024K, 115 young (117760K), 8 survivors (8192K)
 Metaspace       used 119984K, capacity 123386K, committed 123516K, reserved 1157120K
  class space    used 15108K, capacity 16318K, committed 16408K, reserved 1048576K
}
Event: 33.339 GC heap after
{Heap after GC invocations=54 (full 0):
 garbage-first heap   total 335872K, used 154297K [0x0000000080000000, 0x0000000100000000)
  region size 1024K, 15 young (15360K), 15 survivors (15360K)
 Metaspace       used 119984K, capacity 123386K, committed 123516K, reserved 1157120K
  class space    used 15108K, capacity 16318K, committed 16408K, reserved 1048576K
}

